INFO 2025-10-21 15:59:57,950 autoreload 10204 8244 Watching for file changes with StatReloader
WARNING 2025-10-21 16:00:25,781 log 10204 10620 Not Found: /
WARNING 2025-10-21 16:00:35,131 log 10204 9836 Not Found: /favicon.ico
WARNING 2025-10-21 16:01:42,520 log 10204 10704 Not Found: /
WARNING 2025-10-21 16:01:47,043 log 10204 7104 Not Found: /
INFO 2025-10-21 16:02:11,043 autoreload 5560 5328 Watching for file changes with StatReloader
WARNING 2025-10-21 16:02:26,810 log 5560 9880 Not Found: /
WARNING 2025-10-21 16:02:42,952 log 5560 10420 Not Found: /
INFO 2025-10-21 16:18:38,635 autoreload 5560 5328 C:\Users\PC\Desktop\shadow\core\views.py changed, reloading.
INFO 2025-10-21 16:19:13,650 autoreload 9588 4548 Watching for file changes with StatReloader
INFO 2025-10-21 16:20:46,421 autoreload 9588 4548 C:\Users\PC\Desktop\shadow\core\urls.py changed, reloading.
INFO 2025-10-21 16:21:00,366 autoreload 6656 8544 Watching for file changes with StatReloader
INFO 2025-10-21 16:26:47,237 autoreload 6656 8544 C:\Users\PC\Desktop\shadow\core\urls.py changed, reloading.
INFO 2025-10-21 16:26:55,958 autoreload 9804 10380 Watching for file changes with StatReloader
INFO 2025-10-21 16:35:10,909 autoreload 9804 10380 C:\Users\PC\Desktop\shadow\shadowiq\settings.py changed, reloading.
INFO 2025-10-21 16:35:29,385 autoreload 10836 9636 Watching for file changes with StatReloader
ERROR 2025-10-21 16:35:58,385 log 10836 7460 Internal Server Error: /
Traceback (most recent call last):
  File "C:\Users\PC\desktop\shadow\venv\Lib\site-packages\django\core\handlers\exception.py", line 55, in inner
    response = get_response(request)
  File "C:\Users\PC\desktop\shadow\venv\Lib\site-packages\django\core\handlers\base.py", line 197, in _get_response
    response = wrapped_callback(request, *callback_args, **callback_kwargs)
  File "C:\Users\PC\desktop\shadow\core\views.py", line 17, in home
    return render(request, 'core/landing.html')
  File "C:\Users\PC\desktop\shadow\venv\Lib\site-packages\django\shortcuts.py", line 25, in render
    content = loader.render_to_string(template_name, context, request, using=using)
  File "C:\Users\PC\desktop\shadow\venv\Lib\site-packages\django\template\loader.py", line 62, in render_to_string
    return template.render(context, request)
           ~~~~~~~~~~~~~~~^^^^^^^^^^^^^^^^^^
  File "C:\Users\PC\desktop\shadow\venv\Lib\site-packages\django\template\backends\django.py", line 107, in render
    return self.template.render(context)
           ~~~~~~~~~~~~~~~~~~~~^^^^^^^^^
  File "C:\Users\PC\desktop\shadow\venv\Lib\site-packages\django\template\base.py", line 171, in render
    return self._render(context)
           ~~~~~~~~~~~~^^^^^^^^^
  File "C:\Users\PC\desktop\shadow\venv\Lib\site-packages\django\template\base.py", line 163, in _render
    return self.nodelist.render(context)
           ~~~~~~~~~~~~~~~~~~~~^^^^^^^^^
  File "C:\Users\PC\desktop\shadow\venv\Lib\site-packages\django\template\base.py", line 1016, in render
    return SafeString("".join([node.render_annotated(context) for node in self]))
                               ~~~~~~~~~~~~~~~~~~~~~^^^^^^^^^
  File "C:\Users\PC\desktop\shadow\venv\Lib\site-packages\django\template\base.py", line 977, in render_annotated
    return self.render(context)
           ~~~~~~~~~~~^^^^^^^^^
  File "C:\Users\PC\desktop\shadow\venv\Lib\site-packages\django\template\loader_tags.py", line 159, in render
    return compiled_parent._render(context)
           ~~~~~~~~~~~~~~~~~~~~~~~^^^^^^^^^
  File "C:\Users\PC\desktop\shadow\venv\Lib\site-packages\django\template\base.py", line 163, in _render
    return self.nodelist.render(context)
           ~~~~~~~~~~~~~~~~~~~~^^^^^^^^^
  File "C:\Users\PC\desktop\shadow\venv\Lib\site-packages\django\template\base.py", line 1016, in render
    return SafeString("".join([node.render_annotated(context) for node in self]))
                               ~~~~~~~~~~~~~~~~~~~~~^^^^^^^^^
  File "C:\Users\PC\desktop\shadow\venv\Lib\site-packages\django\template\base.py", line 977, in render_annotated
    return self.render(context)
           ~~~~~~~~~~~^^^^^^^^^
  File "C:\Users\PC\desktop\shadow\venv\Lib\site-packages\django\template\defaulttags.py", line 480, in render
    url = reverse(view_name, args=args, kwargs=kwargs, current_app=current_app)
  File "C:\Users\PC\desktop\shadow\venv\Lib\site-packages\django\urls\base.py", line 98, in reverse
    resolved_url = resolver._reverse_with_prefix(view, prefix, *args, **kwargs)
  File "C:\Users\PC\desktop\shadow\venv\Lib\site-packages\django\urls\resolvers.py", line 831, in _reverse_with_prefix
    raise NoReverseMatch(msg)
django.urls.exceptions.NoReverseMatch: Reverse for 'landing' not found. 'landing' is not a valid view function or pattern name.
ERROR 2025-10-21 16:39:20,835 log 10836 9088 Internal Server Error: /
Traceback (most recent call last):
  File "C:\Users\PC\desktop\shadow\venv\Lib\site-packages\django\core\handlers\exception.py", line 55, in inner
    response = get_response(request)
  File "C:\Users\PC\desktop\shadow\venv\Lib\site-packages\django\core\handlers\base.py", line 197, in _get_response
    response = wrapped_callback(request, *callback_args, **callback_kwargs)
  File "C:\Users\PC\desktop\shadow\core\views.py", line 17, in home
    return render(request, 'core/landing.html')
  File "C:\Users\PC\desktop\shadow\venv\Lib\site-packages\django\shortcuts.py", line 25, in render
    content = loader.render_to_string(template_name, context, request, using=using)
  File "C:\Users\PC\desktop\shadow\venv\Lib\site-packages\django\template\loader.py", line 62, in render_to_string
    return template.render(context, request)
           ~~~~~~~~~~~~~~~^^^^^^^^^^^^^^^^^^
  File "C:\Users\PC\desktop\shadow\venv\Lib\site-packages\django\template\backends\django.py", line 107, in render
    return self.template.render(context)
           ~~~~~~~~~~~~~~~~~~~~^^^^^^^^^
  File "C:\Users\PC\desktop\shadow\venv\Lib\site-packages\django\template\base.py", line 171, in render
    return self._render(context)
           ~~~~~~~~~~~~^^^^^^^^^
  File "C:\Users\PC\desktop\shadow\venv\Lib\site-packages\django\template\base.py", line 163, in _render
    return self.nodelist.render(context)
           ~~~~~~~~~~~~~~~~~~~~^^^^^^^^^
  File "C:\Users\PC\desktop\shadow\venv\Lib\site-packages\django\template\base.py", line 1016, in render
    return SafeString("".join([node.render_annotated(context) for node in self]))
                               ~~~~~~~~~~~~~~~~~~~~~^^^^^^^^^
  File "C:\Users\PC\desktop\shadow\venv\Lib\site-packages\django\template\base.py", line 977, in render_annotated
    return self.render(context)
           ~~~~~~~~~~~^^^^^^^^^
  File "C:\Users\PC\desktop\shadow\venv\Lib\site-packages\django\template\loader_tags.py", line 159, in render
    return compiled_parent._render(context)
           ~~~~~~~~~~~~~~~~~~~~~~~^^^^^^^^^
  File "C:\Users\PC\desktop\shadow\venv\Lib\site-packages\django\template\base.py", line 163, in _render
    return self.nodelist.render(context)
           ~~~~~~~~~~~~~~~~~~~~^^^^^^^^^
  File "C:\Users\PC\desktop\shadow\venv\Lib\site-packages\django\template\base.py", line 1016, in render
    return SafeString("".join([node.render_annotated(context) for node in self]))
                               ~~~~~~~~~~~~~~~~~~~~~^^^^^^^^^
  File "C:\Users\PC\desktop\shadow\venv\Lib\site-packages\django\template\base.py", line 977, in render_annotated
    return self.render(context)
           ~~~~~~~~~~~^^^^^^^^^
  File "C:\Users\PC\desktop\shadow\venv\Lib\site-packages\django\template\defaulttags.py", line 480, in render
    url = reverse(view_name, args=args, kwargs=kwargs, current_app=current_app)
  File "C:\Users\PC\desktop\shadow\venv\Lib\site-packages\django\urls\base.py", line 98, in reverse
    resolved_url = resolver._reverse_with_prefix(view, prefix, *args, **kwargs)
  File "C:\Users\PC\desktop\shadow\venv\Lib\site-packages\django\urls\resolvers.py", line 831, in _reverse_with_prefix
    raise NoReverseMatch(msg)
django.urls.exceptions.NoReverseMatch: Reverse for 'landing' not found. 'landing' is not a valid view function or pattern name.
ERROR 2025-10-21 16:39:55,351 log 10836 9880 Internal Server Error: /
Traceback (most recent call last):
  File "C:\Users\PC\desktop\shadow\venv\Lib\site-packages\django\core\handlers\exception.py", line 55, in inner
    response = get_response(request)
  File "C:\Users\PC\desktop\shadow\venv\Lib\site-packages\django\core\handlers\base.py", line 197, in _get_response
    response = wrapped_callback(request, *callback_args, **callback_kwargs)
  File "C:\Users\PC\desktop\shadow\core\views.py", line 17, in home
    return render(request, 'core/landing.html')
  File "C:\Users\PC\desktop\shadow\venv\Lib\site-packages\django\shortcuts.py", line 25, in render
    content = loader.render_to_string(template_name, context, request, using=using)
  File "C:\Users\PC\desktop\shadow\venv\Lib\site-packages\django\template\loader.py", line 62, in render_to_string
    return template.render(context, request)
           ~~~~~~~~~~~~~~~^^^^^^^^^^^^^^^^^^
  File "C:\Users\PC\desktop\shadow\venv\Lib\site-packages\django\template\backends\django.py", line 107, in render
    return self.template.render(context)
           ~~~~~~~~~~~~~~~~~~~~^^^^^^^^^
  File "C:\Users\PC\desktop\shadow\venv\Lib\site-packages\django\template\base.py", line 171, in render
    return self._render(context)
           ~~~~~~~~~~~~^^^^^^^^^
  File "C:\Users\PC\desktop\shadow\venv\Lib\site-packages\django\template\base.py", line 163, in _render
    return self.nodelist.render(context)
           ~~~~~~~~~~~~~~~~~~~~^^^^^^^^^
  File "C:\Users\PC\desktop\shadow\venv\Lib\site-packages\django\template\base.py", line 1016, in render
    return SafeString("".join([node.render_annotated(context) for node in self]))
                               ~~~~~~~~~~~~~~~~~~~~~^^^^^^^^^
  File "C:\Users\PC\desktop\shadow\venv\Lib\site-packages\django\template\base.py", line 977, in render_annotated
    return self.render(context)
           ~~~~~~~~~~~^^^^^^^^^
  File "C:\Users\PC\desktop\shadow\venv\Lib\site-packages\django\template\loader_tags.py", line 159, in render
    return compiled_parent._render(context)
           ~~~~~~~~~~~~~~~~~~~~~~~^^^^^^^^^
  File "C:\Users\PC\desktop\shadow\venv\Lib\site-packages\django\template\base.py", line 163, in _render
    return self.nodelist.render(context)
           ~~~~~~~~~~~~~~~~~~~~^^^^^^^^^
  File "C:\Users\PC\desktop\shadow\venv\Lib\site-packages\django\template\base.py", line 1016, in render
    return SafeString("".join([node.render_annotated(context) for node in self]))
                               ~~~~~~~~~~~~~~~~~~~~~^^^^^^^^^
  File "C:\Users\PC\desktop\shadow\venv\Lib\site-packages\django\template\base.py", line 977, in render_annotated
    return self.render(context)
           ~~~~~~~~~~~^^^^^^^^^
  File "C:\Users\PC\desktop\shadow\venv\Lib\site-packages\django\template\defaulttags.py", line 480, in render
    url = reverse(view_name, args=args, kwargs=kwargs, current_app=current_app)
  File "C:\Users\PC\desktop\shadow\venv\Lib\site-packages\django\urls\base.py", line 98, in reverse
    resolved_url = resolver._reverse_with_prefix(view, prefix, *args, **kwargs)
  File "C:\Users\PC\desktop\shadow\venv\Lib\site-packages\django\urls\resolvers.py", line 831, in _reverse_with_prefix
    raise NoReverseMatch(msg)
django.urls.exceptions.NoReverseMatch: Reverse for 'submit_project' not found. 'submit_project' is not a valid view function or pattern name.
INFO 2025-10-21 16:45:33,862 autoreload 10836 9636 C:\Users\PC\Desktop\shadow\core\urls.py changed, reloading.
INFO 2025-10-21 16:45:44,458 autoreload 2044 7736 Watching for file changes with StatReloader
ERROR 2025-10-21 16:46:06,414 log 2044 8732 Internal Server Error: /
Traceback (most recent call last):
  File "C:\Users\PC\desktop\shadow\venv\Lib\site-packages\django\core\handlers\exception.py", line 55, in inner
    response = get_response(request)
  File "C:\Users\PC\desktop\shadow\venv\Lib\site-packages\django\core\handlers\base.py", line 197, in _get_response
    response = wrapped_callback(request, *callback_args, **callback_kwargs)
  File "C:\Users\PC\desktop\shadow\core\views.py", line 17, in home
    return render(request, 'core/landing.html')
  File "C:\Users\PC\desktop\shadow\venv\Lib\site-packages\django\shortcuts.py", line 25, in render
    content = loader.render_to_string(template_name, context, request, using=using)
  File "C:\Users\PC\desktop\shadow\venv\Lib\site-packages\django\template\loader.py", line 62, in render_to_string
    return template.render(context, request)
           ~~~~~~~~~~~~~~~^^^^^^^^^^^^^^^^^^
  File "C:\Users\PC\desktop\shadow\venv\Lib\site-packages\django\template\backends\django.py", line 107, in render
    return self.template.render(context)
           ~~~~~~~~~~~~~~~~~~~~^^^^^^^^^
  File "C:\Users\PC\desktop\shadow\venv\Lib\site-packages\django\template\base.py", line 171, in render
    return self._render(context)
           ~~~~~~~~~~~~^^^^^^^^^
  File "C:\Users\PC\desktop\shadow\venv\Lib\site-packages\django\template\base.py", line 163, in _render
    return self.nodelist.render(context)
           ~~~~~~~~~~~~~~~~~~~~^^^^^^^^^
  File "C:\Users\PC\desktop\shadow\venv\Lib\site-packages\django\template\base.py", line 1016, in render
    return SafeString("".join([node.render_annotated(context) for node in self]))
                               ~~~~~~~~~~~~~~~~~~~~~^^^^^^^^^
  File "C:\Users\PC\desktop\shadow\venv\Lib\site-packages\django\template\base.py", line 977, in render_annotated
    return self.render(context)
           ~~~~~~~~~~~^^^^^^^^^
  File "C:\Users\PC\desktop\shadow\venv\Lib\site-packages\django\template\loader_tags.py", line 159, in render
    return compiled_parent._render(context)
           ~~~~~~~~~~~~~~~~~~~~~~~^^^^^^^^^
  File "C:\Users\PC\desktop\shadow\venv\Lib\site-packages\django\template\base.py", line 163, in _render
    return self.nodelist.render(context)
           ~~~~~~~~~~~~~~~~~~~~^^^^^^^^^
  File "C:\Users\PC\desktop\shadow\venv\Lib\site-packages\django\template\base.py", line 1016, in render
    return SafeString("".join([node.render_annotated(context) for node in self]))
                               ~~~~~~~~~~~~~~~~~~~~~^^^^^^^^^
  File "C:\Users\PC\desktop\shadow\venv\Lib\site-packages\django\template\base.py", line 977, in render_annotated
    return self.render(context)
           ~~~~~~~~~~~^^^^^^^^^
  File "C:\Users\PC\desktop\shadow\venv\Lib\site-packages\django\template\defaulttags.py", line 327, in render
    return nodelist.render(context)
           ~~~~~~~~~~~~~~~^^^^^^^^^
  File "C:\Users\PC\desktop\shadow\venv\Lib\site-packages\django\template\base.py", line 1016, in render
    return SafeString("".join([node.render_annotated(context) for node in self]))
                               ~~~~~~~~~~~~~~~~~~~~~^^^^^^^^^
  File "C:\Users\PC\desktop\shadow\venv\Lib\site-packages\django\template\base.py", line 977, in render_annotated
    return self.render(context)
           ~~~~~~~~~~~^^^^^^^^^
  File "C:\Users\PC\desktop\shadow\venv\Lib\site-packages\django\template\defaulttags.py", line 480, in render
    url = reverse(view_name, args=args, kwargs=kwargs, current_app=current_app)
  File "C:\Users\PC\desktop\shadow\venv\Lib\site-packages\django\urls\base.py", line 98, in reverse
    resolved_url = resolver._reverse_with_prefix(view, prefix, *args, **kwargs)
  File "C:\Users\PC\desktop\shadow\venv\Lib\site-packages\django\urls\resolvers.py", line 831, in _reverse_with_prefix
    raise NoReverseMatch(msg)
django.urls.exceptions.NoReverseMatch: Reverse for 'login' not found. 'login' is not a valid view function or pattern name.
INFO 2025-10-21 16:48:20,127 autoreload 2044 7736 C:\Users\PC\Desktop\shadow\core\urls.py changed, reloading.
INFO 2025-10-21 16:48:23,827 autoreload 1196 9576 Watching for file changes with StatReloader
ERROR 2025-10-21 16:48:32,047 log 1196 7776 Internal Server Error: /
Traceback (most recent call last):
  File "C:\Users\PC\desktop\shadow\venv\Lib\site-packages\django\core\handlers\exception.py", line 55, in inner
    response = get_response(request)
  File "C:\Users\PC\desktop\shadow\venv\Lib\site-packages\django\core\handlers\base.py", line 197, in _get_response
    response = wrapped_callback(request, *callback_args, **callback_kwargs)
  File "C:\Users\PC\desktop\shadow\core\views.py", line 17, in home
    return render(request, 'core/landing.html')
  File "C:\Users\PC\desktop\shadow\venv\Lib\site-packages\django\shortcuts.py", line 25, in render
    content = loader.render_to_string(template_name, context, request, using=using)
  File "C:\Users\PC\desktop\shadow\venv\Lib\site-packages\django\template\loader.py", line 62, in render_to_string
    return template.render(context, request)
           ~~~~~~~~~~~~~~~^^^^^^^^^^^^^^^^^^
  File "C:\Users\PC\desktop\shadow\venv\Lib\site-packages\django\template\backends\django.py", line 107, in render
    return self.template.render(context)
           ~~~~~~~~~~~~~~~~~~~~^^^^^^^^^
  File "C:\Users\PC\desktop\shadow\venv\Lib\site-packages\django\template\base.py", line 171, in render
    return self._render(context)
           ~~~~~~~~~~~~^^^^^^^^^
  File "C:\Users\PC\desktop\shadow\venv\Lib\site-packages\django\template\base.py", line 163, in _render
    return self.nodelist.render(context)
           ~~~~~~~~~~~~~~~~~~~~^^^^^^^^^
  File "C:\Users\PC\desktop\shadow\venv\Lib\site-packages\django\template\base.py", line 1016, in render
    return SafeString("".join([node.render_annotated(context) for node in self]))
                               ~~~~~~~~~~~~~~~~~~~~~^^^^^^^^^
  File "C:\Users\PC\desktop\shadow\venv\Lib\site-packages\django\template\base.py", line 977, in render_annotated
    return self.render(context)
           ~~~~~~~~~~~^^^^^^^^^
  File "C:\Users\PC\desktop\shadow\venv\Lib\site-packages\django\template\loader_tags.py", line 159, in render
    return compiled_parent._render(context)
           ~~~~~~~~~~~~~~~~~~~~~~~^^^^^^^^^
  File "C:\Users\PC\desktop\shadow\venv\Lib\site-packages\django\template\base.py", line 163, in _render
    return self.nodelist.render(context)
           ~~~~~~~~~~~~~~~~~~~~^^^^^^^^^
  File "C:\Users\PC\desktop\shadow\venv\Lib\site-packages\django\template\base.py", line 1016, in render
    return SafeString("".join([node.render_annotated(context) for node in self]))
                               ~~~~~~~~~~~~~~~~~~~~~^^^^^^^^^
  File "C:\Users\PC\desktop\shadow\venv\Lib\site-packages\django\template\base.py", line 977, in render_annotated
    return self.render(context)
           ~~~~~~~~~~~^^^^^^^^^
  File "C:\Users\PC\desktop\shadow\venv\Lib\site-packages\django\template\defaulttags.py", line 327, in render
    return nodelist.render(context)
           ~~~~~~~~~~~~~~~^^^^^^^^^
  File "C:\Users\PC\desktop\shadow\venv\Lib\site-packages\django\template\base.py", line 1016, in render
    return SafeString("".join([node.render_annotated(context) for node in self]))
                               ~~~~~~~~~~~~~~~~~~~~~^^^^^^^^^
  File "C:\Users\PC\desktop\shadow\venv\Lib\site-packages\django\template\base.py", line 977, in render_annotated
    return self.render(context)
           ~~~~~~~~~~~^^^^^^^^^
  File "C:\Users\PC\desktop\shadow\venv\Lib\site-packages\django\template\defaulttags.py", line 480, in render
    url = reverse(view_name, args=args, kwargs=kwargs, current_app=current_app)
  File "C:\Users\PC\desktop\shadow\venv\Lib\site-packages\django\urls\base.py", line 98, in reverse
    resolved_url = resolver._reverse_with_prefix(view, prefix, *args, **kwargs)
  File "C:\Users\PC\desktop\shadow\venv\Lib\site-packages\django\urls\resolvers.py", line 831, in _reverse_with_prefix
    raise NoReverseMatch(msg)
django.urls.exceptions.NoReverseMatch: Reverse for 'login' not found. 'login' is not a valid view function or pattern name.
INFO 2025-10-21 16:52:20,156 autoreload 1196 9576 C:\Users\PC\Desktop\shadow\core\views.py changed, reloading.
INFO 2025-10-21 16:52:23,847 autoreload 5832 9064 Watching for file changes with StatReloader
INFO 2025-10-21 16:52:48,654 autoreload 5832 9064 C:\Users\PC\Desktop\shadow\core\urls.py changed, reloading.
INFO 2025-10-21 16:52:51,622 autoreload 9548 8472 Watching for file changes with StatReloader
ERROR 2025-10-21 16:53:43,965 log 9548 1340 Internal Server Error: /project/submit/
Traceback (most recent call last):
  File "C:\Users\PC\desktop\shadow\venv\Lib\site-packages\django\core\handlers\exception.py", line 55, in inner
    response = get_response(request)
  File "C:\Users\PC\desktop\shadow\venv\Lib\site-packages\django\core\handlers\base.py", line 197, in _get_response
    response = wrapped_callback(request, *callback_args, **callback_kwargs)
  File "C:\Users\PC\desktop\shadow\core\decorators.py", line 15, in wrapper
    return redirect('login')  # or your login page
  File "C:\Users\PC\desktop\shadow\venv\Lib\site-packages\django\shortcuts.py", line 51, in redirect
    resolve_url(to, *args, **kwargs),
    ~~~~~~~~~~~^^^^^^^^^^^^^^^^^^^^^
  File "C:\Users\PC\desktop\shadow\venv\Lib\site-packages\django\shortcuts.py", line 184, in resolve_url
    return reverse(to, args=args, kwargs=kwargs)
  File "C:\Users\PC\desktop\shadow\venv\Lib\site-packages\django\urls\base.py", line 98, in reverse
    resolved_url = resolver._reverse_with_prefix(view, prefix, *args, **kwargs)
  File "C:\Users\PC\desktop\shadow\venv\Lib\site-packages\django\urls\resolvers.py", line 831, in _reverse_with_prefix
    raise NoReverseMatch(msg)
django.urls.exceptions.NoReverseMatch: Reverse for 'login' not found. 'login' is not a valid view function or pattern name.
ERROR 2025-10-21 16:54:00,892 log 9548 9724 Internal Server Error: /project/submit/
Traceback (most recent call last):
  File "C:\Users\PC\desktop\shadow\venv\Lib\site-packages\django\core\handlers\exception.py", line 55, in inner
    response = get_response(request)
  File "C:\Users\PC\desktop\shadow\venv\Lib\site-packages\django\core\handlers\base.py", line 197, in _get_response
    response = wrapped_callback(request, *callback_args, **callback_kwargs)
  File "C:\Users\PC\desktop\shadow\core\decorators.py", line 15, in wrapper
    return redirect('login')  # or your login page
  File "C:\Users\PC\desktop\shadow\venv\Lib\site-packages\django\shortcuts.py", line 51, in redirect
    resolve_url(to, *args, **kwargs),
    ~~~~~~~~~~~^^^^^^^^^^^^^^^^^^^^^
  File "C:\Users\PC\desktop\shadow\venv\Lib\site-packages\django\shortcuts.py", line 184, in resolve_url
    return reverse(to, args=args, kwargs=kwargs)
  File "C:\Users\PC\desktop\shadow\venv\Lib\site-packages\django\urls\base.py", line 98, in reverse
    resolved_url = resolver._reverse_with_prefix(view, prefix, *args, **kwargs)
  File "C:\Users\PC\desktop\shadow\venv\Lib\site-packages\django\urls\resolvers.py", line 831, in _reverse_with_prefix
    raise NoReverseMatch(msg)
django.urls.exceptions.NoReverseMatch: Reverse for 'login' not found. 'login' is not a valid view function or pattern name.
ERROR 2025-10-21 16:54:13,771 log 9548 9584 Internal Server Error: /login/
Traceback (most recent call last):
  File "C:\Users\PC\desktop\shadow\venv\Lib\site-packages\django\core\handlers\exception.py", line 55, in inner
    response = get_response(request)
  File "C:\Users\PC\desktop\shadow\venv\Lib\site-packages\django\core\handlers\base.py", line 197, in _get_response
    response = wrapped_callback(request, *callback_args, **callback_kwargs)
  File "C:\Users\PC\desktop\shadow\core\views.py", line 21, in login_placeholder
    return render(request, 'core/login_placeholder.html')
  File "C:\Users\PC\desktop\shadow\venv\Lib\site-packages\django\shortcuts.py", line 25, in render
    content = loader.render_to_string(template_name, context, request, using=using)
  File "C:\Users\PC\desktop\shadow\venv\Lib\site-packages\django\template\loader.py", line 61, in render_to_string
    template = get_template(template_name, using=using)
  File "C:\Users\PC\desktop\shadow\venv\Lib\site-packages\django\template\loader.py", line 19, in get_template
    raise TemplateDoesNotExist(template_name, chain=chain)
django.template.exceptions.TemplateDoesNotExist: core/login_placeholder.html
ERROR 2025-10-21 16:55:47,375 log 9548 4932 Internal Server Error: /admin/core/message/
Traceback (most recent call last):
  File "C:\Users\PC\desktop\shadow\venv\Lib\site-packages\django\db\backends\utils.py", line 105, in _execute
    return self.cursor.execute(sql, params)
           ~~~~~~~~~~~~~~~~~~~^^^^^^^^^^^^^
  File "C:\Users\PC\desktop\shadow\venv\Lib\site-packages\django\db\backends\sqlite3\base.py", line 360, in execute
    return super().execute(query, params)
           ~~~~~~~~~~~~~~~^^^^^^^^^^^^^^^
sqlite3.OperationalError: no such table: core_message

The above exception was the direct cause of the following exception:

Traceback (most recent call last):
  File "C:\Users\PC\desktop\shadow\venv\Lib\site-packages\django\core\handlers\exception.py", line 55, in inner
    response = get_response(request)
  File "C:\Users\PC\desktop\shadow\venv\Lib\site-packages\django\core\handlers\base.py", line 197, in _get_response
    response = wrapped_callback(request, *callback_args, **callback_kwargs)
  File "C:\Users\PC\desktop\shadow\venv\Lib\site-packages\django\contrib\admin\options.py", line 719, in wrapper
    return self.admin_site.admin_view(view)(*args, **kwargs)
           ~~~~~~~~~~~~~~~~~~~~~~~~~~~~~~~~^^^^^^^^^^^^^^^^^
  File "C:\Users\PC\desktop\shadow\venv\Lib\site-packages\django\utils\decorators.py", line 192, in _view_wrapper
    result = _process_exception(request, e)
  File "C:\Users\PC\desktop\shadow\venv\Lib\site-packages\django\utils\decorators.py", line 190, in _view_wrapper
    response = view_func(request, *args, **kwargs)
  File "C:\Users\PC\desktop\shadow\venv\Lib\site-packages\django\views\decorators\cache.py", line 80, in _view_wrapper
    response = view_func(request, *args, **kwargs)
  File "C:\Users\PC\desktop\shadow\venv\Lib\site-packages\django\contrib\admin\sites.py", line 246, in inner
    return view(request, *args, **kwargs)
  File "C:\Users\PC\desktop\shadow\venv\Lib\site-packages\django\utils\decorators.py", line 48, in _wrapper
    return bound_method(*args, **kwargs)
  File "C:\Users\PC\desktop\shadow\venv\Lib\site-packages\django\utils\decorators.py", line 192, in _view_wrapper
    result = _process_exception(request, e)
  File "C:\Users\PC\desktop\shadow\venv\Lib\site-packages\django\utils\decorators.py", line 190, in _view_wrapper
    response = view_func(request, *args, **kwargs)
  File "C:\Users\PC\desktop\shadow\venv\Lib\site-packages\django\contrib\admin\options.py", line 2024, in changelist_view
    cl = self.get_changelist_instance(request)
  File "C:\Users\PC\desktop\shadow\venv\Lib\site-packages\django\contrib\admin\options.py", line 867, in get_changelist_instance
    return ChangeList(
        request,
    ...<12 lines>...
        self.search_help_text,
    )
  File "C:\Users\PC\desktop\shadow\venv\Lib\site-packages\django\contrib\admin\views\main.py", line 146, in __init__
    self.get_results(request)
    ~~~~~~~~~~~~~~~~^^^^^^^^^
  File "C:\Users\PC\desktop\shadow\venv\Lib\site-packages\django\contrib\admin\views\main.py", line 313, in get_results
    result_count = paginator.count
                   ^^^^^^^^^^^^^^^
  File "C:\Users\PC\desktop\shadow\venv\Lib\site-packages\django\utils\functional.py", line 47, in __get__
    res = instance.__dict__[self.name] = self.func(instance)
                                         ~~~~~~~~~^^^^^^^^^^
  File "C:\Users\PC\desktop\shadow\venv\Lib\site-packages\django\core\paginator.py", line 110, in count
    return c()
  File "C:\Users\PC\desktop\shadow\venv\Lib\site-packages\django\db\models\query.py", line 604, in count
    return self.query.get_count(using=self.db)
           ~~~~~~~~~~~~~~~~~~~~^^^^^^^^^^^^^^^
  File "C:\Users\PC\desktop\shadow\venv\Lib\site-packages\django\db\models\sql\query.py", line 644, in get_count
    return obj.get_aggregation(using, {"__count": Count("*")})["__count"]
           ~~~~~~~~~~~~~~~~~~~^^^^^^^^^^^^^^^^^^^^^^^^^^^^^^^^
  File "C:\Users\PC\desktop\shadow\venv\Lib\site-packages\django\db\models\sql\query.py", line 626, in get_aggregation
    result = compiler.execute_sql(SINGLE)
  File "C:\Users\PC\desktop\shadow\venv\Lib\site-packages\django\db\models\sql\compiler.py", line 1623, in execute_sql
    cursor.execute(sql, params)
    ~~~~~~~~~~~~~~^^^^^^^^^^^^^
  File "C:\Users\PC\desktop\shadow\venv\Lib\site-packages\django\db\backends\utils.py", line 122, in execute
    return super().execute(sql, params)
           ~~~~~~~~~~~~~~~^^^^^^^^^^^^^
  File "C:\Users\PC\desktop\shadow\venv\Lib\site-packages\django\db\backends\utils.py", line 79, in execute
    return self._execute_with_wrappers(
           ~~~~~~~~~~~~~~~~~~~~~~~~~~~^
        sql, params, many=False, executor=self._execute
        ^^^^^^^^^^^^^^^^^^^^^^^^^^^^^^^^^^^^^^^^^^^^^^^
    )
    ^
  File "C:\Users\PC\desktop\shadow\venv\Lib\site-packages\django\db\backends\utils.py", line 92, in _execute_with_wrappers
    return executor(sql, params, many, context)
  File "C:\Users\PC\desktop\shadow\venv\Lib\site-packages\django\db\backends\utils.py", line 100, in _execute
    with self.db.wrap_database_errors:
         ^^^^^^^^^^^^^^^^^^^^^^^^^^^^
  File "C:\Users\PC\desktop\shadow\venv\Lib\site-packages\django\db\utils.py", line 91, in __exit__
    raise dj_exc_value.with_traceback(traceback) from exc_value
  File "C:\Users\PC\desktop\shadow\venv\Lib\site-packages\django\db\backends\utils.py", line 105, in _execute
    return self.cursor.execute(sql, params)
           ~~~~~~~~~~~~~~~~~~~^^^^^^^^^^^^^
  File "C:\Users\PC\desktop\shadow\venv\Lib\site-packages\django\db\backends\sqlite3\base.py", line 360, in execute
    return super().execute(query, params)
           ~~~~~~~~~~~~~~~^^^^^^^^^^^^^^^
django.db.utils.OperationalError: no such table: core_message
ERROR 2025-10-21 16:56:52,025 log 9548 10452 Internal Server Error: /admin/core/pseudonymoususer/add/
Traceback (most recent call last):
  File "C:\Users\PC\desktop\shadow\venv\Lib\site-packages\django\db\backends\utils.py", line 105, in _execute
    return self.cursor.execute(sql, params)
           ~~~~~~~~~~~~~~~~~~~^^^^^^^^^^^^^
  File "C:\Users\PC\desktop\shadow\venv\Lib\site-packages\django\db\backends\sqlite3\base.py", line 360, in execute
    return super().execute(query, params)
           ~~~~~~~~~~~~~~~^^^^^^^^^^^^^^^
sqlite3.OperationalError: no such table: core_pseudonymoususer

The above exception was the direct cause of the following exception:

Traceback (most recent call last):
  File "C:\Users\PC\desktop\shadow\venv\Lib\site-packages\django\core\handlers\exception.py", line 55, in inner
    response = get_response(request)
  File "C:\Users\PC\desktop\shadow\venv\Lib\site-packages\django\core\handlers\base.py", line 197, in _get_response
    response = wrapped_callback(request, *callback_args, **callback_kwargs)
  File "C:\Users\PC\desktop\shadow\venv\Lib\site-packages\django\contrib\admin\options.py", line 719, in wrapper
    return self.admin_site.admin_view(view)(*args, **kwargs)
           ~~~~~~~~~~~~~~~~~~~~~~~~~~~~~~~~^^^^^^^^^^^^^^^^^
  File "C:\Users\PC\desktop\shadow\venv\Lib\site-packages\django\utils\decorators.py", line 192, in _view_wrapper
    result = _process_exception(request, e)
  File "C:\Users\PC\desktop\shadow\venv\Lib\site-packages\django\utils\decorators.py", line 190, in _view_wrapper
    response = view_func(request, *args, **kwargs)
  File "C:\Users\PC\desktop\shadow\venv\Lib\site-packages\django\views\decorators\cache.py", line 80, in _view_wrapper
    response = view_func(request, *args, **kwargs)
  File "C:\Users\PC\desktop\shadow\venv\Lib\site-packages\django\contrib\admin\sites.py", line 246, in inner
    return view(request, *args, **kwargs)
  File "C:\Users\PC\desktop\shadow\venv\Lib\site-packages\django\contrib\admin\options.py", line 1984, in add_view
    return self.changeform_view(request, None, form_url, extra_context)
           ~~~~~~~~~~~~~~~~~~~~^^^^^^^^^^^^^^^^^^^^^^^^^^^^^^^^^^^^^^^^
  File "C:\Users\PC\desktop\shadow\venv\Lib\site-packages\django\utils\decorators.py", line 48, in _wrapper
    return bound_method(*args, **kwargs)
  File "C:\Users\PC\desktop\shadow\venv\Lib\site-packages\django\utils\decorators.py", line 192, in _view_wrapper
    result = _process_exception(request, e)
  File "C:\Users\PC\desktop\shadow\venv\Lib\site-packages\django\utils\decorators.py", line 190, in _view_wrapper
    response = view_func(request, *args, **kwargs)
  File "C:\Users\PC\desktop\shadow\venv\Lib\site-packages\django\contrib\admin\options.py", line 1843, in changeform_view
    return self._changeform_view(request, object_id, form_url, extra_context)
           ~~~~~~~~~~~~~~~~~~~~~^^^^^^^^^^^^^^^^^^^^^^^^^^^^^^^^^^^^^^^^^^^^^
  File "C:\Users\PC\desktop\shadow\venv\Lib\site-packages\django\contrib\admin\options.py", line 1888, in _changeform_view
    form_validated = form.is_valid()
  File "C:\Users\PC\desktop\shadow\venv\Lib\site-packages\django\forms\forms.py", line 206, in is_valid
    return self.is_bound and not self.errors
                                 ^^^^^^^^^^^
  File "C:\Users\PC\desktop\shadow\venv\Lib\site-packages\django\forms\forms.py", line 201, in errors
    self.full_clean()
    ~~~~~~~~~~~~~~~^^
  File "C:\Users\PC\desktop\shadow\venv\Lib\site-packages\django\forms\forms.py", line 339, in full_clean
    self._post_clean()
    ~~~~~~~~~~~~~~~~^^
  File "C:\Users\PC\desktop\shadow\venv\Lib\site-packages\django\forms\models.py", line 504, in _post_clean
    self.validate_unique()
    ~~~~~~~~~~~~~~~~~~~~^^
  File "C:\Users\PC\desktop\shadow\venv\Lib\site-packages\django\forms\models.py", line 513, in validate_unique
    self.instance.validate_unique(exclude=exclude)
    ~~~~~~~~~~~~~~~~~~~~~~~~~~~~~^^^^^^^^^^^^^^^^^
  File "C:\Users\PC\desktop\shadow\venv\Lib\site-packages\django\db\models\base.py", line 1401, in validate_unique
    errors = self._perform_unique_checks(unique_checks)
  File "C:\Users\PC\desktop\shadow\venv\Lib\site-packages\django\db\models\base.py", line 1516, in _perform_unique_checks
    if qs.exists():
       ~~~~~~~~~^^
  File "C:\Users\PC\desktop\shadow\venv\Lib\site-packages\django\db\models\query.py", line 1296, in exists
    return self.query.has_results(using=self.db)
           ~~~~~~~~~~~~~~~~~~~~~~^^^^^^^^^^^^^^^
  File "C:\Users\PC\desktop\shadow\venv\Lib\site-packages\django\db\models\sql\query.py", line 674, in has_results
    return compiler.has_results()
           ~~~~~~~~~~~~~~~~~~~~^^
  File "C:\Users\PC\desktop\shadow\venv\Lib\site-packages\django\db\models\sql\compiler.py", line 1591, in has_results
    return bool(self.execute_sql(SINGLE))
                ~~~~~~~~~~~~~~~~^^^^^^^^
  File "C:\Users\PC\desktop\shadow\venv\Lib\site-packages\django\db\models\sql\compiler.py", line 1623, in execute_sql
    cursor.execute(sql, params)
    ~~~~~~~~~~~~~~^^^^^^^^^^^^^
  File "C:\Users\PC\desktop\shadow\venv\Lib\site-packages\django\db\backends\utils.py", line 122, in execute
    return super().execute(sql, params)
           ~~~~~~~~~~~~~~~^^^^^^^^^^^^^
  File "C:\Users\PC\desktop\shadow\venv\Lib\site-packages\django\db\backends\utils.py", line 79, in execute
    return self._execute_with_wrappers(
           ~~~~~~~~~~~~~~~~~~~~~~~~~~~^
        sql, params, many=False, executor=self._execute
        ^^^^^^^^^^^^^^^^^^^^^^^^^^^^^^^^^^^^^^^^^^^^^^^
    )
    ^
  File "C:\Users\PC\desktop\shadow\venv\Lib\site-packages\django\db\backends\utils.py", line 92, in _execute_with_wrappers
    return executor(sql, params, many, context)
  File "C:\Users\PC\desktop\shadow\venv\Lib\site-packages\django\db\backends\utils.py", line 100, in _execute
    with self.db.wrap_database_errors:
         ^^^^^^^^^^^^^^^^^^^^^^^^^^^^
  File "C:\Users\PC\desktop\shadow\venv\Lib\site-packages\django\db\utils.py", line 91, in __exit__
    raise dj_exc_value.with_traceback(traceback) from exc_value
  File "C:\Users\PC\desktop\shadow\venv\Lib\site-packages\django\db\backends\utils.py", line 105, in _execute
    return self.cursor.execute(sql, params)
           ~~~~~~~~~~~~~~~~~~~^^^^^^^^^^^^^
  File "C:\Users\PC\desktop\shadow\venv\Lib\site-packages\django\db\backends\sqlite3\base.py", line 360, in execute
    return super().execute(query, params)
           ~~~~~~~~~~~~~~~^^^^^^^^^^^^^^^
django.db.utils.OperationalError: no such table: core_pseudonymoususer
WARNING 2025-10-21 17:00:25,802 log 9548 9064 Not Found: /.well-known/appspecific/com.chrome.devtools.json
ERROR 2025-10-21 17:01:38,266 log 9548 9864 Internal Server Error: /project/submit/
Traceback (most recent call last):
  File "C:\Users\PC\desktop\shadow\venv\Lib\site-packages\django\core\handlers\exception.py", line 55, in inner
    response = get_response(request)
  File "C:\Users\PC\desktop\shadow\venv\Lib\site-packages\django\core\handlers\base.py", line 197, in _get_response
    response = wrapped_callback(request, *callback_args, **callback_kwargs)
  File "C:\Users\PC\desktop\shadow\core\decorators.py", line 15, in wrapper
    return redirect('login')  # or your login page
  File "C:\Users\PC\desktop\shadow\venv\Lib\site-packages\django\shortcuts.py", line 51, in redirect
    resolve_url(to, *args, **kwargs),
    ~~~~~~~~~~~^^^^^^^^^^^^^^^^^^^^^
  File "C:\Users\PC\desktop\shadow\venv\Lib\site-packages\django\shortcuts.py", line 184, in resolve_url
    return reverse(to, args=args, kwargs=kwargs)
  File "C:\Users\PC\desktop\shadow\venv\Lib\site-packages\django\urls\base.py", line 98, in reverse
    resolved_url = resolver._reverse_with_prefix(view, prefix, *args, **kwargs)
  File "C:\Users\PC\desktop\shadow\venv\Lib\site-packages\django\urls\resolvers.py", line 831, in _reverse_with_prefix
    raise NoReverseMatch(msg)
django.urls.exceptions.NoReverseMatch: Reverse for 'login' not found. 'login' is not a valid view function or pattern name.
WARNING 2025-10-21 17:02:46,381 log 9548 9664 Not Found: /.well-known/appspecific/com.chrome.devtools.json
INFO 2025-10-21 17:08:23,225 autoreload 9548 8472 C:\Users\PC\Desktop\shadow\core\views.py changed, reloading.
INFO 2025-10-21 17:08:42,140 autoreload 8536 10520 Watching for file changes with StatReloader
INFO 2025-10-21 17:09:54,073 autoreload 8536 10520 C:\Users\PC\Desktop\shadow\core\urls.py changed, reloading.
INFO 2025-10-21 17:10:05,147 autoreload 7156 5204 Watching for file changes with StatReloader
WARNING 2025-10-21 17:10:37,018 log 7156 10012 Not Found: /.well-known/appspecific/com.chrome.devtools.json
WARNING 2025-10-21 17:10:43,128 log 7156 6408 Not Found: /.well-known/appspecific/com.chrome.devtools.json
WARNING 2025-10-21 17:10:50,361 log 7156 9892 Not Found: /.well-known/appspecific/com.chrome.devtools.json
ERROR 2025-10-21 17:11:55,548 log 7156 8220 Internal Server Error: /project/submit/
Traceback (most recent call last):
  File "C:\Users\PC\desktop\shadow\venv\Lib\site-packages\django\core\handlers\exception.py", line 55, in inner
    response = get_response(request)
  File "C:\Users\PC\desktop\shadow\venv\Lib\site-packages\django\core\handlers\base.py", line 197, in _get_response
    response = wrapped_callback(request, *callback_args, **callback_kwargs)
  File "C:\Users\PC\desktop\shadow\core\decorators.py", line 15, in wrapper
    return redirect('login')  # or your login page
  File "C:\Users\PC\desktop\shadow\venv\Lib\site-packages\django\shortcuts.py", line 51, in redirect
    resolve_url(to, *args, **kwargs),
    ~~~~~~~~~~~^^^^^^^^^^^^^^^^^^^^^
  File "C:\Users\PC\desktop\shadow\venv\Lib\site-packages\django\shortcuts.py", line 184, in resolve_url
    return reverse(to, args=args, kwargs=kwargs)
  File "C:\Users\PC\desktop\shadow\venv\Lib\site-packages\django\urls\base.py", line 98, in reverse
    resolved_url = resolver._reverse_with_prefix(view, prefix, *args, **kwargs)
  File "C:\Users\PC\desktop\shadow\venv\Lib\site-packages\django\urls\resolvers.py", line 831, in _reverse_with_prefix
    raise NoReverseMatch(msg)
django.urls.exceptions.NoReverseMatch: Reverse for 'login' not found. 'login' is not a valid view function or pattern name.
WARNING 2025-10-21 17:14:27,624 log 7156 9744 Not Found: /.well-known/appspecific/com.chrome.devtools.json
WARNING 2025-10-21 17:15:03,937 log 7156 10724 Not Found: /.well-known/appspecific/com.chrome.devtools.json
INFO 2025-10-21 19:03:50,454 autoreload 8592 17536 Watching for file changes with StatReloader
WARNING 2025-10-21 19:04:05,070 log 8592 11400 Not Found: /favicon.ico
ERROR 2025-10-21 19:04:45,248 log 8592 11400 Internal Server Error: /project/submit/
Traceback (most recent call last):
  File "C:\Users\HomePC\Desktop\shadow-clean\shadow-clean\venv\Lib\site-packages\django\core\handlers\exception.py", line 55, in inner
    response = get_response(request)
  File "C:\Users\HomePC\Desktop\shadow-clean\shadow-clean\venv\Lib\site-packages\django\core\handlers\base.py", line 197, in _get_response
    response = wrapped_callback(request, *callback_args, **callback_kwargs)
  File "C:\Users\HomePC\Desktop\shadow-clean\shadow-clean\core\decorators.py", line 15, in wrapper
    return redirect('login')  # or your login page
  File "C:\Users\HomePC\Desktop\shadow-clean\shadow-clean\venv\Lib\site-packages\django\shortcuts.py", line 51, in redirect
    resolve_url(to, *args, **kwargs),
    ~~~~~~~~~~~^^^^^^^^^^^^^^^^^^^^^
  File "C:\Users\HomePC\Desktop\shadow-clean\shadow-clean\venv\Lib\site-packages\django\shortcuts.py", line 184, in resolve_url
    return reverse(to, args=args, kwargs=kwargs)
  File "C:\Users\HomePC\Desktop\shadow-clean\shadow-clean\venv\Lib\site-packages\django\urls\base.py", line 98, in reverse
    resolved_url = resolver._reverse_with_prefix(view, prefix, *args, **kwargs)
  File "C:\Users\HomePC\Desktop\shadow-clean\shadow-clean\venv\Lib\site-packages\django\urls\resolvers.py", line 831, in _reverse_with_prefix
    raise NoReverseMatch(msg)
django.urls.exceptions.NoReverseMatch: Reverse for 'login' not found. 'login' is not a valid view function or pattern name.
ERROR 2025-10-21 19:09:25,178 log 8592 1732 Internal Server Error: /project/submit/
Traceback (most recent call last):
  File "C:\Users\HomePC\Desktop\shadow-clean\shadow-clean\venv\Lib\site-packages\django\core\handlers\exception.py", line 55, in inner
    response = get_response(request)
  File "C:\Users\HomePC\Desktop\shadow-clean\shadow-clean\venv\Lib\site-packages\django\core\handlers\base.py", line 197, in _get_response
    response = wrapped_callback(request, *callback_args, **callback_kwargs)
  File "C:\Users\HomePC\Desktop\shadow-clean\shadow-clean\core\decorators.py", line 15, in wrapper
    return redirect('login')  # or your login page
  File "C:\Users\HomePC\Desktop\shadow-clean\shadow-clean\venv\Lib\site-packages\django\shortcuts.py", line 51, in redirect
    resolve_url(to, *args, **kwargs),
    ~~~~~~~~~~~^^^^^^^^^^^^^^^^^^^^^
  File "C:\Users\HomePC\Desktop\shadow-clean\shadow-clean\venv\Lib\site-packages\django\shortcuts.py", line 184, in resolve_url
    return reverse(to, args=args, kwargs=kwargs)
  File "C:\Users\HomePC\Desktop\shadow-clean\shadow-clean\venv\Lib\site-packages\django\urls\base.py", line 98, in reverse
    resolved_url = resolver._reverse_with_prefix(view, prefix, *args, **kwargs)
  File "C:\Users\HomePC\Desktop\shadow-clean\shadow-clean\venv\Lib\site-packages\django\urls\resolvers.py", line 831, in _reverse_with_prefix
    raise NoReverseMatch(msg)
django.urls.exceptions.NoReverseMatch: Reverse for 'login' not found. 'login' is not a valid view function or pattern name.
INFO 2025-10-21 19:15:26,767 autoreload 8592 17536 C:\Users\HomePC\Desktop\shadow-clean\shadow-clean\core\decorators.py changed, reloading.
INFO 2025-10-21 19:15:30,457 autoreload 12696 15572 Watching for file changes with StatReloader
INFO 2025-10-21 19:15:33,528 autoreload 12696 15572 C:\Users\HomePC\Desktop\shadow-clean\shadow-clean\core\decorators.py changed, reloading.
INFO 2025-10-21 19:15:37,222 autoreload 7940 1172 Watching for file changes with StatReloader
INFO 2025-10-21 19:19:36,495 autoreload 7940 1172 C:\Users\HomePC\Desktop\shadow-clean\shadow-clean\core\decorators.py changed, reloading.
INFO 2025-10-21 19:19:40,102 autoreload 11516 8248 Watching for file changes with StatReloader
INFO 2025-10-21 19:21:20,290 autoreload 11516 8248 C:\Users\HomePC\Desktop\shadow-clean\shadow-clean\core\views.py changed, reloading.
INFO 2025-10-21 19:21:26,235 autoreload 8880 3828 Watching for file changes with StatReloader
INFO 2025-10-21 19:21:30,178 autoreload 8880 3828 C:\Users\HomePC\Desktop\shadow-clean\shadow-clean\core\views.py changed, reloading.
INFO 2025-10-21 19:21:32,927 autoreload 9208 16688 Watching for file changes with StatReloader
ERROR 2025-10-21 19:22:24,898 log 9208 15096 Internal Server Error: /project/submit/
Traceback (most recent call last):
  File "C:\Users\HomePC\Desktop\shadow-clean\shadow-clean\venv\Lib\site-packages\django\core\handlers\exception.py", line 55, in inner
    response = get_response(request)
  File "C:\Users\HomePC\Desktop\shadow-clean\shadow-clean\venv\Lib\site-packages\django\core\handlers\base.py", line 197, in _get_response
    response = wrapped_callback(request, *callback_args, **callback_kwargs)
  File "C:\Users\HomePC\Desktop\shadow-clean\shadow-clean\core\decorators.py", line 21, in wrapper
    return redirect('request_magic_link')
  File "C:\Users\HomePC\Desktop\shadow-clean\shadow-clean\venv\Lib\site-packages\django\shortcuts.py", line 51, in redirect
    resolve_url(to, *args, **kwargs),
    ~~~~~~~~~~~^^^^^^^^^^^^^^^^^^^^^
  File "C:\Users\HomePC\Desktop\shadow-clean\shadow-clean\venv\Lib\site-packages\django\shortcuts.py", line 184, in resolve_url
    return reverse(to, args=args, kwargs=kwargs)
  File "C:\Users\HomePC\Desktop\shadow-clean\shadow-clean\venv\Lib\site-packages\django\urls\base.py", line 98, in reverse
    resolved_url = resolver._reverse_with_prefix(view, prefix, *args, **kwargs)
  File "C:\Users\HomePC\Desktop\shadow-clean\shadow-clean\venv\Lib\site-packages\django\urls\resolvers.py", line 831, in _reverse_with_prefix
    raise NoReverseMatch(msg)
django.urls.exceptions.NoReverseMatch: Reverse for 'request_magic_link' not found. 'request_magic_link' is not a valid view function or pattern name.
ERROR 2025-10-21 19:29:37,939 log 9208 10708 Internal Server Error: /project/submit/
Traceback (most recent call last):
  File "C:\Users\HomePC\Desktop\shadow-clean\shadow-clean\venv\Lib\site-packages\django\core\handlers\exception.py", line 55, in inner
    response = get_response(request)
  File "C:\Users\HomePC\Desktop\shadow-clean\shadow-clean\venv\Lib\site-packages\django\core\handlers\base.py", line 197, in _get_response
    response = wrapped_callback(request, *callback_args, **callback_kwargs)
  File "C:\Users\HomePC\Desktop\shadow-clean\shadow-clean\core\decorators.py", line 21, in wrapper
    return redirect('request_magic_link')
  File "C:\Users\HomePC\Desktop\shadow-clean\shadow-clean\venv\Lib\site-packages\django\shortcuts.py", line 51, in redirect
    resolve_url(to, *args, **kwargs),
    ~~~~~~~~~~~^^^^^^^^^^^^^^^^^^^^^
  File "C:\Users\HomePC\Desktop\shadow-clean\shadow-clean\venv\Lib\site-packages\django\shortcuts.py", line 184, in resolve_url
    return reverse(to, args=args, kwargs=kwargs)
  File "C:\Users\HomePC\Desktop\shadow-clean\shadow-clean\venv\Lib\site-packages\django\urls\base.py", line 98, in reverse
    resolved_url = resolver._reverse_with_prefix(view, prefix, *args, **kwargs)
  File "C:\Users\HomePC\Desktop\shadow-clean\shadow-clean\venv\Lib\site-packages\django\urls\resolvers.py", line 831, in _reverse_with_prefix
    raise NoReverseMatch(msg)
django.urls.exceptions.NoReverseMatch: Reverse for 'request_magic_link' not found. 'request_magic_link' is not a valid view function or pattern name.
WARNING 2025-10-21 19:29:44,946 log 9208 10708 Not Found: /.well-known/appspecific/com.chrome.devtools.json
INFO 2025-10-21 19:35:11,486 autoreload 9208 16688 C:\Users\HomePC\Desktop\shadow-clean\shadow-clean\core\views.py changed, reloading.
INFO 2025-10-21 19:35:16,489 autoreload 16360 19036 Watching for file changes with StatReloader
INFO 2025-10-21 19:35:29,115 autoreload 16360 19036 C:\Users\HomePC\Desktop\shadow-clean\shadow-clean\core\views.py changed, reloading.
INFO 2025-10-21 19:35:35,304 autoreload 4072 11632 Watching for file changes with StatReloader
INFO 2025-10-21 19:36:26,803 autoreload 4072 11632 C:\Users\HomePC\Desktop\shadow-clean\shadow-clean\core\views.py changed, reloading.
INFO 2025-10-21 19:36:32,031 autoreload 14740 7512 Watching for file changes with StatReloader
INFO 2025-10-21 19:37:06,239 autoreload 14740 7512 C:\Users\HomePC\Desktop\shadow-clean\shadow-clean\core\views.py changed, reloading.
INFO 2025-10-21 19:37:10,612 autoreload 15828 15732 Watching for file changes with StatReloader
INFO 2025-10-21 19:37:20,982 autoreload 15828 15732 C:\Users\HomePC\Desktop\shadow-clean\shadow-clean\core\views.py changed, reloading.
INFO 2025-10-21 19:37:24,179 autoreload 3300 16128 Watching for file changes with StatReloader
INFO 2025-10-21 19:40:21,064 autoreload 3300 16128 C:\Users\HomePC\Desktop\shadow-clean\shadow-clean\core\urls.py changed, reloading.
INFO 2025-10-21 19:40:28,101 autoreload 18124 13812 Watching for file changes with StatReloader
INFO 2025-10-21 19:46:41,273 autoreload 18124 13812 C:\Users\HomePC\Desktop\shadow-clean\shadow-clean\core\views.py changed, reloading.
INFO 2025-10-21 19:46:46,211 autoreload 12976 16292 Watching for file changes with StatReloader
INFO 2025-10-21 19:46:54,635 autoreload 12976 16292 C:\Users\HomePC\Desktop\shadow-clean\shadow-clean\core\views.py changed, reloading.
INFO 2025-10-21 19:46:58,594 autoreload 7592 2124 Watching for file changes with StatReloader
INFO 2025-10-21 19:47:38,286 autoreload 7592 2124 C:\Users\HomePC\Desktop\shadow-clean\shadow-clean\core\views.py changed, reloading.
INFO 2025-10-21 19:47:45,443 autoreload 5516 13096 Watching for file changes with StatReloader
INFO 2025-10-21 19:47:53,260 autoreload 5516 13096 C:\Users\HomePC\Desktop\shadow-clean\shadow-clean\core\views.py changed, reloading.
INFO 2025-10-21 19:47:57,270 autoreload 18212 4164 Watching for file changes with StatReloader
WARNING 2025-10-21 19:49:54,951 log 18212 16960 Not Found: /.well-known/appspecific/com.chrome.devtools.json
WARNING 2025-10-21 19:50:00,276 log 18212 12628 Not Found: /.well-known/appspecific/com.chrome.devtools.json
ERROR 2025-10-21 19:50:02,894 log 18212 12628 Internal Server Error: /project/submit/
Traceback (most recent call last):
  File "C:\Users\HomePC\Desktop\shadow-clean\shadow-clean\venv\Lib\site-packages\django\core\handlers\exception.py", line 55, in inner
    response = get_response(request)
  File "C:\Users\HomePC\Desktop\shadow-clean\shadow-clean\venv\Lib\site-packages\django\core\handlers\base.py", line 197, in _get_response
    response = wrapped_callback(request, *callback_args, **callback_kwargs)
  File "C:\Users\HomePC\Desktop\shadow-clean\shadow-clean\core\decorators.py", line 82, in wrapper
    return redirect('request_magic_link')
  File "C:\Users\HomePC\Desktop\shadow-clean\shadow-clean\venv\Lib\site-packages\django\shortcuts.py", line 51, in redirect
    resolve_url(to, *args, **kwargs),
    ~~~~~~~~~~~^^^^^^^^^^^^^^^^^^^^^
  File "C:\Users\HomePC\Desktop\shadow-clean\shadow-clean\venv\Lib\site-packages\django\shortcuts.py", line 184, in resolve_url
    return reverse(to, args=args, kwargs=kwargs)
  File "C:\Users\HomePC\Desktop\shadow-clean\shadow-clean\venv\Lib\site-packages\django\urls\base.py", line 98, in reverse
    resolved_url = resolver._reverse_with_prefix(view, prefix, *args, **kwargs)
  File "C:\Users\HomePC\Desktop\shadow-clean\shadow-clean\venv\Lib\site-packages\django\urls\resolvers.py", line 831, in _reverse_with_prefix
    raise NoReverseMatch(msg)
django.urls.exceptions.NoReverseMatch: Reverse for 'request_magic_link' not found. 'request_magic_link' is not a valid view function or pattern name.
WARNING 2025-10-21 19:50:04,653 log 18212 12628 Not Found: /.well-known/appspecific/com.chrome.devtools.json
WARNING 2025-10-21 19:50:18,354 log 18212 2380 Not Found: /.well-known/appspecific/com.chrome.devtools.json
WARNING 2025-10-21 19:50:18,506 log 18212 2380 Not Found: /.well-known/appspecific/com.chrome.devtools.json
WARNING 2025-10-21 19:50:19,927 log 18212 2380 Not Found: /.well-known/appspecific/com.chrome.devtools.json
WARNING 2025-10-21 19:50:45,161 log 18212 2380 Not Found: /.well-known/appspecific/com.chrome.devtools.json
WARNING 2025-10-21 19:51:03,760 log 18212 2380 Not Found: /.well-known/appspecific/com.chrome.devtools.json
ERROR 2025-10-21 19:54:03,437 log 18212 2380 Internal Server Error: /
Traceback (most recent call last):
  File "C:\Users\HomePC\Desktop\shadow-clean\shadow-clean\venv\Lib\site-packages\django\core\handlers\exception.py", line 55, in inner
    response = get_response(request)
  File "C:\Users\HomePC\Desktop\shadow-clean\shadow-clean\venv\Lib\site-packages\django\core\handlers\base.py", line 197, in _get_response
    response = wrapped_callback(request, *callback_args, **callback_kwargs)
  File "C:\Users\HomePC\Desktop\shadow-clean\shadow-clean\core\views.py", line 24, in home
    return render(request, 'core/landing.html')
  File "C:\Users\HomePC\Desktop\shadow-clean\shadow-clean\venv\Lib\site-packages\django\shortcuts.py", line 25, in render
    content = loader.render_to_string(template_name, context, request, using=using)
  File "C:\Users\HomePC\Desktop\shadow-clean\shadow-clean\venv\Lib\site-packages\django\template\loader.py", line 62, in render_to_string
    return template.render(context, request)
           ~~~~~~~~~~~~~~~^^^^^^^^^^^^^^^^^^
  File "C:\Users\HomePC\Desktop\shadow-clean\shadow-clean\venv\Lib\site-packages\django\template\backends\django.py", line 107, in render
    return self.template.render(context)
           ~~~~~~~~~~~~~~~~~~~~^^^^^^^^^
  File "C:\Users\HomePC\Desktop\shadow-clean\shadow-clean\venv\Lib\site-packages\django\template\base.py", line 171, in render
    return self._render(context)
           ~~~~~~~~~~~~^^^^^^^^^
  File "C:\Users\HomePC\Desktop\shadow-clean\shadow-clean\venv\Lib\site-packages\django\template\base.py", line 163, in _render
    return self.nodelist.render(context)
           ~~~~~~~~~~~~~~~~~~~~^^^^^^^^^
  File "C:\Users\HomePC\Desktop\shadow-clean\shadow-clean\venv\Lib\site-packages\django\template\base.py", line 1016, in render
    return SafeString("".join([node.render_annotated(context) for node in self]))
                               ~~~~~~~~~~~~~~~~~~~~~^^^^^^^^^
  File "C:\Users\HomePC\Desktop\shadow-clean\shadow-clean\venv\Lib\site-packages\django\template\base.py", line 977, in render_annotated
    return self.render(context)
           ~~~~~~~~~~~^^^^^^^^^
  File "C:\Users\HomePC\Desktop\shadow-clean\shadow-clean\venv\Lib\site-packages\django\template\loader_tags.py", line 159, in render
    return compiled_parent._render(context)
           ~~~~~~~~~~~~~~~~~~~~~~~^^^^^^^^^
  File "C:\Users\HomePC\Desktop\shadow-clean\shadow-clean\venv\Lib\site-packages\django\template\base.py", line 163, in _render
    return self.nodelist.render(context)
           ~~~~~~~~~~~~~~~~~~~~^^^^^^^^^
  File "C:\Users\HomePC\Desktop\shadow-clean\shadow-clean\venv\Lib\site-packages\django\template\base.py", line 1016, in render
    return SafeString("".join([node.render_annotated(context) for node in self]))
                               ~~~~~~~~~~~~~~~~~~~~~^^^^^^^^^
  File "C:\Users\HomePC\Desktop\shadow-clean\shadow-clean\venv\Lib\site-packages\django\template\base.py", line 977, in render_annotated
    return self.render(context)
           ~~~~~~~~~~~^^^^^^^^^
  File "C:\Users\HomePC\Desktop\shadow-clean\shadow-clean\venv\Lib\site-packages\django\template\loader_tags.py", line 65, in render
    result = block.nodelist.render(context)
  File "C:\Users\HomePC\Desktop\shadow-clean\shadow-clean\venv\Lib\site-packages\django\template\base.py", line 1016, in render
    return SafeString("".join([node.render_annotated(context) for node in self]))
                               ~~~~~~~~~~~~~~~~~~~~~^^^^^^^^^
  File "C:\Users\HomePC\Desktop\shadow-clean\shadow-clean\venv\Lib\site-packages\django\template\base.py", line 977, in render_annotated
    return self.render(context)
           ~~~~~~~~~~~^^^^^^^^^
  File "C:\Users\HomePC\Desktop\shadow-clean\shadow-clean\venv\Lib\site-packages\django\template\defaulttags.py", line 480, in render
    url = reverse(view_name, args=args, kwargs=kwargs, current_app=current_app)
  File "C:\Users\HomePC\Desktop\shadow-clean\shadow-clean\venv\Lib\site-packages\django\urls\base.py", line 98, in reverse
    resolved_url = resolver._reverse_with_prefix(view, prefix, *args, **kwargs)
  File "C:\Users\HomePC\Desktop\shadow-clean\shadow-clean\venv\Lib\site-packages\django\urls\resolvers.py", line 831, in _reverse_with_prefix
    raise NoReverseMatch(msg)
django.urls.exceptions.NoReverseMatch: Reverse for 'submit_project' not found. 'submit_project' is not a valid view function or pattern name.
WARNING 2025-10-21 19:54:03,696 log 18212 2380 Not Found: /.well-known/appspecific/com.chrome.devtools.json
WARNING 2025-10-21 19:54:08,765 log 18212 2380 Not Found: /.well-known/appspecific/com.chrome.devtools.json
ERROR 2025-10-21 19:54:13,820 log 18212 2380 Internal Server Error: /project/submit/
Traceback (most recent call last):
  File "C:\Users\HomePC\Desktop\shadow-clean\shadow-clean\venv\Lib\site-packages\django\core\handlers\exception.py", line 55, in inner
    response = get_response(request)
  File "C:\Users\HomePC\Desktop\shadow-clean\shadow-clean\venv\Lib\site-packages\django\core\handlers\base.py", line 197, in _get_response
    response = wrapped_callback(request, *callback_args, **callback_kwargs)
  File "C:\Users\HomePC\Desktop\shadow-clean\shadow-clean\core\decorators.py", line 82, in wrapper
    return redirect('request_magic_link')
  File "C:\Users\HomePC\Desktop\shadow-clean\shadow-clean\venv\Lib\site-packages\django\shortcuts.py", line 51, in redirect
    resolve_url(to, *args, **kwargs),
    ~~~~~~~~~~~^^^^^^^^^^^^^^^^^^^^^
  File "C:\Users\HomePC\Desktop\shadow-clean\shadow-clean\venv\Lib\site-packages\django\shortcuts.py", line 184, in resolve_url
    return reverse(to, args=args, kwargs=kwargs)
  File "C:\Users\HomePC\Desktop\shadow-clean\shadow-clean\venv\Lib\site-packages\django\urls\base.py", line 98, in reverse
    resolved_url = resolver._reverse_with_prefix(view, prefix, *args, **kwargs)
  File "C:\Users\HomePC\Desktop\shadow-clean\shadow-clean\venv\Lib\site-packages\django\urls\resolvers.py", line 831, in _reverse_with_prefix
    raise NoReverseMatch(msg)
django.urls.exceptions.NoReverseMatch: Reverse for 'request_magic_link' not found. 'request_magic_link' is not a valid view function or pattern name.
WARNING 2025-10-21 19:54:13,954 log 18212 2380 Not Found: /.well-known/appspecific/com.chrome.devtools.json
WARNING 2025-10-21 19:54:52,783 log 18212 2380 Not Found: /.well-known/appspecific/com.chrome.devtools.json
WARNING 2025-10-21 19:54:55,174 log 18212 2380 Not Found: /.well-known/appspecific/com.chrome.devtools.json
ERROR 2025-10-21 19:55:00,722 log 18212 2380 Internal Server Error: /
Traceback (most recent call last):
  File "C:\Users\HomePC\Desktop\shadow-clean\shadow-clean\venv\Lib\site-packages\django\core\handlers\exception.py", line 55, in inner
    response = get_response(request)
  File "C:\Users\HomePC\Desktop\shadow-clean\shadow-clean\venv\Lib\site-packages\django\core\handlers\base.py", line 197, in _get_response
    response = wrapped_callback(request, *callback_args, **callback_kwargs)
  File "C:\Users\HomePC\Desktop\shadow-clean\shadow-clean\core\views.py", line 24, in home
    return render(request, 'core/landing.html')
  File "C:\Users\HomePC\Desktop\shadow-clean\shadow-clean\venv\Lib\site-packages\django\shortcuts.py", line 25, in render
    content = loader.render_to_string(template_name, context, request, using=using)
  File "C:\Users\HomePC\Desktop\shadow-clean\shadow-clean\venv\Lib\site-packages\django\template\loader.py", line 62, in render_to_string
    return template.render(context, request)
           ~~~~~~~~~~~~~~~^^^^^^^^^^^^^^^^^^
  File "C:\Users\HomePC\Desktop\shadow-clean\shadow-clean\venv\Lib\site-packages\django\template\backends\django.py", line 107, in render
    return self.template.render(context)
           ~~~~~~~~~~~~~~~~~~~~^^^^^^^^^
  File "C:\Users\HomePC\Desktop\shadow-clean\shadow-clean\venv\Lib\site-packages\django\template\base.py", line 171, in render
    return self._render(context)
           ~~~~~~~~~~~~^^^^^^^^^
  File "C:\Users\HomePC\Desktop\shadow-clean\shadow-clean\venv\Lib\site-packages\django\template\base.py", line 163, in _render
    return self.nodelist.render(context)
           ~~~~~~~~~~~~~~~~~~~~^^^^^^^^^
  File "C:\Users\HomePC\Desktop\shadow-clean\shadow-clean\venv\Lib\site-packages\django\template\base.py", line 1016, in render
    return SafeString("".join([node.render_annotated(context) for node in self]))
                               ~~~~~~~~~~~~~~~~~~~~~^^^^^^^^^
  File "C:\Users\HomePC\Desktop\shadow-clean\shadow-clean\venv\Lib\site-packages\django\template\base.py", line 977, in render_annotated
    return self.render(context)
           ~~~~~~~~~~~^^^^^^^^^
  File "C:\Users\HomePC\Desktop\shadow-clean\shadow-clean\venv\Lib\site-packages\django\template\loader_tags.py", line 159, in render
    return compiled_parent._render(context)
           ~~~~~~~~~~~~~~~~~~~~~~~^^^^^^^^^
  File "C:\Users\HomePC\Desktop\shadow-clean\shadow-clean\venv\Lib\site-packages\django\template\base.py", line 163, in _render
    return self.nodelist.render(context)
           ~~~~~~~~~~~~~~~~~~~~^^^^^^^^^
  File "C:\Users\HomePC\Desktop\shadow-clean\shadow-clean\venv\Lib\site-packages\django\template\base.py", line 1016, in render
    return SafeString("".join([node.render_annotated(context) for node in self]))
                               ~~~~~~~~~~~~~~~~~~~~~^^^^^^^^^
  File "C:\Users\HomePC\Desktop\shadow-clean\shadow-clean\venv\Lib\site-packages\django\template\base.py", line 977, in render_annotated
    return self.render(context)
           ~~~~~~~~~~~^^^^^^^^^
  File "C:\Users\HomePC\Desktop\shadow-clean\shadow-clean\venv\Lib\site-packages\django\template\loader_tags.py", line 65, in render
    result = block.nodelist.render(context)
  File "C:\Users\HomePC\Desktop\shadow-clean\shadow-clean\venv\Lib\site-packages\django\template\base.py", line 1016, in render
    return SafeString("".join([node.render_annotated(context) for node in self]))
                               ~~~~~~~~~~~~~~~~~~~~~^^^^^^^^^
  File "C:\Users\HomePC\Desktop\shadow-clean\shadow-clean\venv\Lib\site-packages\django\template\base.py", line 977, in render_annotated
    return self.render(context)
           ~~~~~~~~~~~^^^^^^^^^
  File "C:\Users\HomePC\Desktop\shadow-clean\shadow-clean\venv\Lib\site-packages\django\template\defaulttags.py", line 480, in render
    url = reverse(view_name, args=args, kwargs=kwargs, current_app=current_app)
  File "C:\Users\HomePC\Desktop\shadow-clean\shadow-clean\venv\Lib\site-packages\django\urls\base.py", line 98, in reverse
    resolved_url = resolver._reverse_with_prefix(view, prefix, *args, **kwargs)
  File "C:\Users\HomePC\Desktop\shadow-clean\shadow-clean\venv\Lib\site-packages\django\urls\resolvers.py", line 831, in _reverse_with_prefix
    raise NoReverseMatch(msg)
django.urls.exceptions.NoReverseMatch: Reverse for 'submit_project' not found. 'submit_project' is not a valid view function or pattern name.
WARNING 2025-10-21 19:55:00,875 log 18212 2380 Not Found: /.well-known/appspecific/com.chrome.devtools.json
WARNING 2025-10-21 19:55:37,686 log 18212 2380 Not Found: /.well-known/appspecific/com.chrome.devtools.json
ERROR 2025-10-21 19:55:42,479 log 18212 2380 Internal Server Error: /project/submit/
Traceback (most recent call last):
  File "C:\Users\HomePC\Desktop\shadow-clean\shadow-clean\venv\Lib\site-packages\django\core\handlers\exception.py", line 55, in inner
    response = get_response(request)
  File "C:\Users\HomePC\Desktop\shadow-clean\shadow-clean\venv\Lib\site-packages\django\core\handlers\base.py", line 197, in _get_response
    response = wrapped_callback(request, *callback_args, **callback_kwargs)
  File "C:\Users\HomePC\Desktop\shadow-clean\shadow-clean\core\decorators.py", line 82, in wrapper
    return redirect('request_magic_link')
  File "C:\Users\HomePC\Desktop\shadow-clean\shadow-clean\venv\Lib\site-packages\django\shortcuts.py", line 51, in redirect
    resolve_url(to, *args, **kwargs),
    ~~~~~~~~~~~^^^^^^^^^^^^^^^^^^^^^
  File "C:\Users\HomePC\Desktop\shadow-clean\shadow-clean\venv\Lib\site-packages\django\shortcuts.py", line 184, in resolve_url
    return reverse(to, args=args, kwargs=kwargs)
  File "C:\Users\HomePC\Desktop\shadow-clean\shadow-clean\venv\Lib\site-packages\django\urls\base.py", line 98, in reverse
    resolved_url = resolver._reverse_with_prefix(view, prefix, *args, **kwargs)
  File "C:\Users\HomePC\Desktop\shadow-clean\shadow-clean\venv\Lib\site-packages\django\urls\resolvers.py", line 831, in _reverse_with_prefix
    raise NoReverseMatch(msg)
django.urls.exceptions.NoReverseMatch: Reverse for 'request_magic_link' not found. 'request_magic_link' is not a valid view function or pattern name.
WARNING 2025-10-21 19:55:42,712 log 18212 2380 Not Found: /.well-known/appspecific/com.chrome.devtools.json
WARNING 2025-10-21 19:58:32,846 log 18212 2380 Not Found: /.well-known/appspecific/com.chrome.devtools.json
WARNING 2025-10-21 20:04:01,548 log 18212 2208 Not Found: /.well-known/appspecific/com.chrome.devtools.json
ERROR 2025-10-21 20:04:06,553 log 18212 2208 Internal Server Error: /project/submit/
Traceback (most recent call last):
  File "C:\Users\HomePC\Desktop\shadow-clean\shadow-clean\venv\Lib\site-packages\django\core\handlers\exception.py", line 55, in inner
    response = get_response(request)
  File "C:\Users\HomePC\Desktop\shadow-clean\shadow-clean\venv\Lib\site-packages\django\core\handlers\base.py", line 197, in _get_response
    response = wrapped_callback(request, *callback_args, **callback_kwargs)
  File "C:\Users\HomePC\Desktop\shadow-clean\shadow-clean\core\decorators.py", line 82, in wrapper
    return redirect('request_magic_link')
  File "C:\Users\HomePC\Desktop\shadow-clean\shadow-clean\venv\Lib\site-packages\django\shortcuts.py", line 51, in redirect
    resolve_url(to, *args, **kwargs),
    ~~~~~~~~~~~^^^^^^^^^^^^^^^^^^^^^
  File "C:\Users\HomePC\Desktop\shadow-clean\shadow-clean\venv\Lib\site-packages\django\shortcuts.py", line 184, in resolve_url
    return reverse(to, args=args, kwargs=kwargs)
  File "C:\Users\HomePC\Desktop\shadow-clean\shadow-clean\venv\Lib\site-packages\django\urls\base.py", line 98, in reverse
    resolved_url = resolver._reverse_with_prefix(view, prefix, *args, **kwargs)
  File "C:\Users\HomePC\Desktop\shadow-clean\shadow-clean\venv\Lib\site-packages\django\urls\resolvers.py", line 831, in _reverse_with_prefix
    raise NoReverseMatch(msg)
django.urls.exceptions.NoReverseMatch: Reverse for 'request_magic_link' not found. 'request_magic_link' is not a valid view function or pattern name.
WARNING 2025-10-21 20:04:06,755 log 18212 2208 Not Found: /.well-known/appspecific/com.chrome.devtools.json
WARNING 2025-10-21 20:04:12,378 log 18212 2208 Not Found: /.well-known/appspecific/com.chrome.devtools.json
WARNING 2025-10-21 20:04:12,598 log 18212 2208 Not Found: /.well-known/appspecific/com.chrome.devtools.json
ERROR 2025-10-21 20:04:18,149 log 18212 2208 Internal Server Error: /auth/request-magic-link/
Traceback (most recent call last):
  File "C:\Users\HomePC\Desktop\shadow-clean\shadow-clean\venv\Lib\site-packages\django\core\handlers\exception.py", line 55, in inner
    response = get_response(request)
  File "C:\Users\HomePC\Desktop\shadow-clean\shadow-clean\venv\Lib\site-packages\django\core\handlers\base.py", line 197, in _get_response
    response = wrapped_callback(request, *callback_args, **callback_kwargs)
  File "C:\Users\HomePC\Desktop\shadow-clean\shadow-clean\core\views.py", line 85, in request_magic_link
    return render(request, 'auth/request_magic_link.html')
  File "C:\Users\HomePC\Desktop\shadow-clean\shadow-clean\venv\Lib\site-packages\django\shortcuts.py", line 25, in render
    content = loader.render_to_string(template_name, context, request, using=using)
  File "C:\Users\HomePC\Desktop\shadow-clean\shadow-clean\venv\Lib\site-packages\django\template\loader.py", line 62, in render_to_string
    return template.render(context, request)
           ~~~~~~~~~~~~~~~^^^^^^^^^^^^^^^^^^
  File "C:\Users\HomePC\Desktop\shadow-clean\shadow-clean\venv\Lib\site-packages\django\template\backends\django.py", line 107, in render
    return self.template.render(context)
           ~~~~~~~~~~~~~~~~~~~~^^^^^^^^^
  File "C:\Users\HomePC\Desktop\shadow-clean\shadow-clean\venv\Lib\site-packages\django\template\base.py", line 171, in render
    return self._render(context)
           ~~~~~~~~~~~~^^^^^^^^^
  File "C:\Users\HomePC\Desktop\shadow-clean\shadow-clean\venv\Lib\site-packages\django\template\base.py", line 163, in _render
    return self.nodelist.render(context)
           ~~~~~~~~~~~~~~~~~~~~^^^^^^^^^
  File "C:\Users\HomePC\Desktop\shadow-clean\shadow-clean\venv\Lib\site-packages\django\template\base.py", line 1016, in render
    return SafeString("".join([node.render_annotated(context) for node in self]))
                               ~~~~~~~~~~~~~~~~~~~~~^^^^^^^^^
  File "C:\Users\HomePC\Desktop\shadow-clean\shadow-clean\venv\Lib\site-packages\django\template\base.py", line 977, in render_annotated
    return self.render(context)
           ~~~~~~~~~~~^^^^^^^^^
  File "C:\Users\HomePC\Desktop\shadow-clean\shadow-clean\venv\Lib\site-packages\django\template\defaulttags.py", line 480, in render
    url = reverse(view_name, args=args, kwargs=kwargs, current_app=current_app)
  File "C:\Users\HomePC\Desktop\shadow-clean\shadow-clean\venv\Lib\site-packages\django\urls\base.py", line 98, in reverse
    resolved_url = resolver._reverse_with_prefix(view, prefix, *args, **kwargs)
  File "C:\Users\HomePC\Desktop\shadow-clean\shadow-clean\venv\Lib\site-packages\django\urls\resolvers.py", line 831, in _reverse_with_prefix
    raise NoReverseMatch(msg)
django.urls.exceptions.NoReverseMatch: Reverse for 'home' not found. 'home' is not a valid view function or pattern name.
WARNING 2025-10-21 20:04:18,399 log 18212 2208 Not Found: /.well-known/appspecific/com.chrome.devtools.json
WARNING 2025-10-21 20:04:21,653 log 18212 2208 Not Found: /.well-known/appspecific/com.chrome.devtools.json
WARNING 2025-10-21 20:04:21,840 log 18212 2208 Not Found: /.well-known/appspecific/com.chrome.devtools.json
ERROR 2025-10-21 20:04:24,161 log 18212 2208 Internal Server Error: /project/submit/
Traceback (most recent call last):
  File "C:\Users\HomePC\Desktop\shadow-clean\shadow-clean\venv\Lib\site-packages\django\core\handlers\exception.py", line 55, in inner
    response = get_response(request)
  File "C:\Users\HomePC\Desktop\shadow-clean\shadow-clean\venv\Lib\site-packages\django\core\handlers\base.py", line 197, in _get_response
    response = wrapped_callback(request, *callback_args, **callback_kwargs)
  File "C:\Users\HomePC\Desktop\shadow-clean\shadow-clean\core\decorators.py", line 82, in wrapper
    return redirect('request_magic_link')
  File "C:\Users\HomePC\Desktop\shadow-clean\shadow-clean\venv\Lib\site-packages\django\shortcuts.py", line 51, in redirect
    resolve_url(to, *args, **kwargs),
    ~~~~~~~~~~~^^^^^^^^^^^^^^^^^^^^^
  File "C:\Users\HomePC\Desktop\shadow-clean\shadow-clean\venv\Lib\site-packages\django\shortcuts.py", line 184, in resolve_url
    return reverse(to, args=args, kwargs=kwargs)
  File "C:\Users\HomePC\Desktop\shadow-clean\shadow-clean\venv\Lib\site-packages\django\urls\base.py", line 98, in reverse
    resolved_url = resolver._reverse_with_prefix(view, prefix, *args, **kwargs)
  File "C:\Users\HomePC\Desktop\shadow-clean\shadow-clean\venv\Lib\site-packages\django\urls\resolvers.py", line 831, in _reverse_with_prefix
    raise NoReverseMatch(msg)
django.urls.exceptions.NoReverseMatch: Reverse for 'request_magic_link' not found. 'request_magic_link' is not a valid view function or pattern name.
WARNING 2025-10-21 20:04:24,453 log 18212 2208 Not Found: /.well-known/appspecific/com.chrome.devtools.json
WARNING 2025-10-21 20:04:28,572 log 18212 2208 Not Found: /.well-known/appspecific/com.chrome.devtools.json
WARNING 2025-10-21 20:04:28,710 log 18212 2208 Not Found: /.well-known/appspecific/com.chrome.devtools.json
WARNING 2025-10-21 20:04:30,403 log 18212 2208 Not Found: /.well-known/appspecific/com.chrome.devtools.json
WARNING 2025-10-21 20:04:36,784 log 18212 11420 Not Found: /.well-known/appspecific/com.chrome.devtools.json
WARNING 2025-10-21 20:04:37,008 log 18212 11420 Not Found: /.well-known/appspecific/com.chrome.devtools.json
WARNING 2025-10-21 20:09:55,130 log 18212 12036 Not Found: /.well-known/appspecific/com.chrome.devtools.json
ERROR 2025-10-21 20:09:59,950 log 18212 15192 Internal Server Error: /auth/request-magic-link/
Traceback (most recent call last):
  File "C:\Users\HomePC\Desktop\shadow-clean\shadow-clean\venv\Lib\site-packages\django\core\handlers\exception.py", line 55, in inner
    response = get_response(request)
  File "C:\Users\HomePC\Desktop\shadow-clean\shadow-clean\venv\Lib\site-packages\django\core\handlers\base.py", line 197, in _get_response
    response = wrapped_callback(request, *callback_args, **callback_kwargs)
  File "C:\Users\HomePC\Desktop\shadow-clean\shadow-clean\core\views.py", line 85, in request_magic_link
    return render(request, 'auth/request_magic_link.html')
  File "C:\Users\HomePC\Desktop\shadow-clean\shadow-clean\venv\Lib\site-packages\django\shortcuts.py", line 25, in render
    content = loader.render_to_string(template_name, context, request, using=using)
  File "C:\Users\HomePC\Desktop\shadow-clean\shadow-clean\venv\Lib\site-packages\django\template\loader.py", line 62, in render_to_string
    return template.render(context, request)
           ~~~~~~~~~~~~~~~^^^^^^^^^^^^^^^^^^
  File "C:\Users\HomePC\Desktop\shadow-clean\shadow-clean\venv\Lib\site-packages\django\template\backends\django.py", line 107, in render
    return self.template.render(context)
           ~~~~~~~~~~~~~~~~~~~~^^^^^^^^^
  File "C:\Users\HomePC\Desktop\shadow-clean\shadow-clean\venv\Lib\site-packages\django\template\base.py", line 171, in render
    return self._render(context)
           ~~~~~~~~~~~~^^^^^^^^^
  File "C:\Users\HomePC\Desktop\shadow-clean\shadow-clean\venv\Lib\site-packages\django\template\base.py", line 163, in _render
    return self.nodelist.render(context)
           ~~~~~~~~~~~~~~~~~~~~^^^^^^^^^
  File "C:\Users\HomePC\Desktop\shadow-clean\shadow-clean\venv\Lib\site-packages\django\template\base.py", line 1016, in render
    return SafeString("".join([node.render_annotated(context) for node in self]))
                               ~~~~~~~~~~~~~~~~~~~~~^^^^^^^^^
  File "C:\Users\HomePC\Desktop\shadow-clean\shadow-clean\venv\Lib\site-packages\django\template\base.py", line 977, in render_annotated
    return self.render(context)
           ~~~~~~~~~~~^^^^^^^^^
  File "C:\Users\HomePC\Desktop\shadow-clean\shadow-clean\venv\Lib\site-packages\django\template\defaulttags.py", line 480, in render
    url = reverse(view_name, args=args, kwargs=kwargs, current_app=current_app)
  File "C:\Users\HomePC\Desktop\shadow-clean\shadow-clean\venv\Lib\site-packages\django\urls\base.py", line 98, in reverse
    resolved_url = resolver._reverse_with_prefix(view, prefix, *args, **kwargs)
  File "C:\Users\HomePC\Desktop\shadow-clean\shadow-clean\venv\Lib\site-packages\django\urls\resolvers.py", line 831, in _reverse_with_prefix
    raise NoReverseMatch(msg)
django.urls.exceptions.NoReverseMatch: Reverse for 'home' not found. 'home' is not a valid view function or pattern name.
WARNING 2025-10-21 20:10:00,525 log 18212 15192 Not Found: /.well-known/appspecific/com.chrome.devtools.json
WARNING 2025-10-21 20:12:34,457 log 18212 15192 Not Found: /.well-known/appspecific/com.chrome.devtools.json
WARNING 2025-10-21 20:13:46,667 log 18212 15192 Not Found: /.well-known/appspecific/com.chrome.devtools.json
WARNING 2025-10-21 20:13:57,773 log 18212 15192 Not Found: /.well-known/appspecific/com.chrome.devtools.json
WARNING 2025-10-21 20:14:04,214 log 18212 15192 Not Found: /.well-known/appspecific/com.chrome.devtools.json
ERROR 2025-10-21 20:14:09,426 log 18212 15192 Internal Server Error: /project/submit/
Traceback (most recent call last):
  File "C:\Users\HomePC\Desktop\shadow-clean\shadow-clean\venv\Lib\site-packages\django\core\handlers\exception.py", line 55, in inner
    response = get_response(request)
  File "C:\Users\HomePC\Desktop\shadow-clean\shadow-clean\venv\Lib\site-packages\django\core\handlers\base.py", line 197, in _get_response
    response = wrapped_callback(request, *callback_args, **callback_kwargs)
  File "C:\Users\HomePC\Desktop\shadow-clean\shadow-clean\core\decorators.py", line 82, in wrapper
    return redirect('request_magic_link')
  File "C:\Users\HomePC\Desktop\shadow-clean\shadow-clean\venv\Lib\site-packages\django\shortcuts.py", line 51, in redirect
    resolve_url(to, *args, **kwargs),
    ~~~~~~~~~~~^^^^^^^^^^^^^^^^^^^^^
  File "C:\Users\HomePC\Desktop\shadow-clean\shadow-clean\venv\Lib\site-packages\django\shortcuts.py", line 184, in resolve_url
    return reverse(to, args=args, kwargs=kwargs)
  File "C:\Users\HomePC\Desktop\shadow-clean\shadow-clean\venv\Lib\site-packages\django\urls\base.py", line 98, in reverse
    resolved_url = resolver._reverse_with_prefix(view, prefix, *args, **kwargs)
  File "C:\Users\HomePC\Desktop\shadow-clean\shadow-clean\venv\Lib\site-packages\django\urls\resolvers.py", line 831, in _reverse_with_prefix
    raise NoReverseMatch(msg)
django.urls.exceptions.NoReverseMatch: Reverse for 'request_magic_link' not found. 'request_magic_link' is not a valid view function or pattern name.
WARNING 2025-10-21 20:14:09,713 log 18212 15192 Not Found: /.well-known/appspecific/com.chrome.devtools.json
WARNING 2025-10-21 20:14:20,096 log 18212 15192 Not Found: /.well-known/appspecific/com.chrome.devtools.json
WARNING 2025-10-21 20:14:20,394 log 18212 15192 Not Found: /.well-known/appspecific/com.chrome.devtools.json
ERROR 2025-10-21 20:14:39,882 log 18212 10596 Internal Server Error: /auth/request-magic-link/
Traceback (most recent call last):
  File "C:\Users\HomePC\Desktop\shadow-clean\shadow-clean\venv\Lib\site-packages\django\db\backends\utils.py", line 105, in _execute
    return self.cursor.execute(sql, params)
           ~~~~~~~~~~~~~~~~~~~^^^^^^^^^^^^^
  File "C:\Users\HomePC\Desktop\shadow-clean\shadow-clean\venv\Lib\site-packages\django\db\backends\sqlite3\base.py", line 360, in execute
    return super().execute(query, params)
           ~~~~~~~~~~~~~~~^^^^^^^^^^^^^^^
sqlite3.OperationalError: no such table: core_pseudonymoususer

The above exception was the direct cause of the following exception:

Traceback (most recent call last):
  File "C:\Users\HomePC\Desktop\shadow-clean\shadow-clean\venv\Lib\site-packages\django\core\handlers\exception.py", line 55, in inner
    response = get_response(request)
  File "C:\Users\HomePC\Desktop\shadow-clean\shadow-clean\venv\Lib\site-packages\django\core\handlers\base.py", line 197, in _get_response
    response = wrapped_callback(request, *callback_args, **callback_kwargs)
  File "C:\Users\HomePC\Desktop\shadow-clean\shadow-clean\core\views.py", line 51, in request_magic_link
    user, created = PseudonymousUser.objects.get_or_create(
                    ~~~~~~~~~~~~~~~~~~~~~~~~~~~~~~~~~~~~~~^
        alias=alias,
        ^^^^^^^^^^^^
        defaults={'email': email if email else None}
        ^^^^^^^^^^^^^^^^^^^^^^^^^^^^^^^^^^^^^^^^^^^^
    )
    ^
  File "C:\Users\HomePC\Desktop\shadow-clean\shadow-clean\venv\Lib\site-packages\django\db\models\manager.py", line 87, in manager_method
    return getattr(self.get_queryset(), name)(*args, **kwargs)
           ~~~~~~~~~~~~~~~~~~~~~~~~~~~~~~~~~~^^^^^^^^^^^^^^^^^
  File "C:\Users\HomePC\Desktop\shadow-clean\shadow-clean\venv\Lib\site-packages\django\db\models\query.py", line 946, in get_or_create
    return self.get(**kwargs), False
           ~~~~~~~~^^^^^^^^^^
  File "C:\Users\HomePC\Desktop\shadow-clean\shadow-clean\venv\Lib\site-packages\django\db\models\query.py", line 629, in get
    num = len(clone)
  File "C:\Users\HomePC\Desktop\shadow-clean\shadow-clean\venv\Lib\site-packages\django\db\models\query.py", line 366, in __len__
    self._fetch_all()
    ~~~~~~~~~~~~~~~^^
  File "C:\Users\HomePC\Desktop\shadow-clean\shadow-clean\venv\Lib\site-packages\django\db\models\query.py", line 1949, in _fetch_all
    self._result_cache = list(self._iterable_class(self))
                         ~~~~^^^^^^^^^^^^^^^^^^^^^^^^^^^^
  File "C:\Users\HomePC\Desktop\shadow-clean\shadow-clean\venv\Lib\site-packages\django\db\models\query.py", line 91, in __iter__
    results = compiler.execute_sql(
        chunked_fetch=self.chunked_fetch, chunk_size=self.chunk_size
    )
  File "C:\Users\HomePC\Desktop\shadow-clean\shadow-clean\venv\Lib\site-packages\django\db\models\sql\compiler.py", line 1623, in execute_sql
    cursor.execute(sql, params)
    ~~~~~~~~~~~~~~^^^^^^^^^^^^^
  File "C:\Users\HomePC\Desktop\shadow-clean\shadow-clean\venv\Lib\site-packages\django\db\backends\utils.py", line 122, in execute
    return super().execute(sql, params)
           ~~~~~~~~~~~~~~~^^^^^^^^^^^^^
  File "C:\Users\HomePC\Desktop\shadow-clean\shadow-clean\venv\Lib\site-packages\django\db\backends\utils.py", line 79, in execute
    return self._execute_with_wrappers(
           ~~~~~~~~~~~~~~~~~~~~~~~~~~~^
        sql, params, many=False, executor=self._execute
        ^^^^^^^^^^^^^^^^^^^^^^^^^^^^^^^^^^^^^^^^^^^^^^^
    )
    ^
  File "C:\Users\HomePC\Desktop\shadow-clean\shadow-clean\venv\Lib\site-packages\django\db\backends\utils.py", line 92, in _execute_with_wrappers
    return executor(sql, params, many, context)
  File "C:\Users\HomePC\Desktop\shadow-clean\shadow-clean\venv\Lib\site-packages\django\db\backends\utils.py", line 100, in _execute
    with self.db.wrap_database_errors:
         ^^^^^^^^^^^^^^^^^^^^^^^^^^^^
  File "C:\Users\HomePC\Desktop\shadow-clean\shadow-clean\venv\Lib\site-packages\django\db\utils.py", line 91, in __exit__
    raise dj_exc_value.with_traceback(traceback) from exc_value
  File "C:\Users\HomePC\Desktop\shadow-clean\shadow-clean\venv\Lib\site-packages\django\db\backends\utils.py", line 105, in _execute
    return self.cursor.execute(sql, params)
           ~~~~~~~~~~~~~~~~~~~^^^^^^^^^^^^^
  File "C:\Users\HomePC\Desktop\shadow-clean\shadow-clean\venv\Lib\site-packages\django\db\backends\sqlite3\base.py", line 360, in execute
    return super().execute(query, params)
           ~~~~~~~~~~~~~~~^^^^^^^^^^^^^^^
django.db.utils.OperationalError: no such table: core_pseudonymoususer
WARNING 2025-10-21 20:14:40,102 log 18212 2064 Not Found: /.well-known/appspecific/com.chrome.devtools.json
WARNING 2025-10-21 20:14:43,499 log 18212 2064 Not Found: /.well-known/appspecific/com.chrome.devtools.json
ERROR 2025-10-21 20:14:57,625 log 18212 2064 Internal Server Error: /auth/request-magic-link/
Traceback (most recent call last):
  File "C:\Users\HomePC\Desktop\shadow-clean\shadow-clean\venv\Lib\site-packages\django\db\backends\utils.py", line 105, in _execute
    return self.cursor.execute(sql, params)
           ~~~~~~~~~~~~~~~~~~~^^^^^^^^^^^^^
  File "C:\Users\HomePC\Desktop\shadow-clean\shadow-clean\venv\Lib\site-packages\django\db\backends\sqlite3\base.py", line 360, in execute
    return super().execute(query, params)
           ~~~~~~~~~~~~~~~^^^^^^^^^^^^^^^
sqlite3.OperationalError: no such table: core_pseudonymoususer

The above exception was the direct cause of the following exception:

Traceback (most recent call last):
  File "C:\Users\HomePC\Desktop\shadow-clean\shadow-clean\venv\Lib\site-packages\django\core\handlers\exception.py", line 55, in inner
    response = get_response(request)
  File "C:\Users\HomePC\Desktop\shadow-clean\shadow-clean\venv\Lib\site-packages\django\core\handlers\base.py", line 197, in _get_response
    response = wrapped_callback(request, *callback_args, **callback_kwargs)
  File "C:\Users\HomePC\Desktop\shadow-clean\shadow-clean\core\views.py", line 51, in request_magic_link
    user, created = PseudonymousUser.objects.get_or_create(
                    ~~~~~~~~~~~~~~~~~~~~~~~~~~~~~~~~~~~~~~^
        alias=alias,
        ^^^^^^^^^^^^
        defaults={'email': email if email else None}
        ^^^^^^^^^^^^^^^^^^^^^^^^^^^^^^^^^^^^^^^^^^^^
    )
    ^
  File "C:\Users\HomePC\Desktop\shadow-clean\shadow-clean\venv\Lib\site-packages\django\db\models\manager.py", line 87, in manager_method
    return getattr(self.get_queryset(), name)(*args, **kwargs)
           ~~~~~~~~~~~~~~~~~~~~~~~~~~~~~~~~~~^^^^^^^^^^^^^^^^^
  File "C:\Users\HomePC\Desktop\shadow-clean\shadow-clean\venv\Lib\site-packages\django\db\models\query.py", line 946, in get_or_create
    return self.get(**kwargs), False
           ~~~~~~~~^^^^^^^^^^
  File "C:\Users\HomePC\Desktop\shadow-clean\shadow-clean\venv\Lib\site-packages\django\db\models\query.py", line 629, in get
    num = len(clone)
  File "C:\Users\HomePC\Desktop\shadow-clean\shadow-clean\venv\Lib\site-packages\django\db\models\query.py", line 366, in __len__
    self._fetch_all()
    ~~~~~~~~~~~~~~~^^
  File "C:\Users\HomePC\Desktop\shadow-clean\shadow-clean\venv\Lib\site-packages\django\db\models\query.py", line 1949, in _fetch_all
    self._result_cache = list(self._iterable_class(self))
                         ~~~~^^^^^^^^^^^^^^^^^^^^^^^^^^^^
  File "C:\Users\HomePC\Desktop\shadow-clean\shadow-clean\venv\Lib\site-packages\django\db\models\query.py", line 91, in __iter__
    results = compiler.execute_sql(
        chunked_fetch=self.chunked_fetch, chunk_size=self.chunk_size
    )
  File "C:\Users\HomePC\Desktop\shadow-clean\shadow-clean\venv\Lib\site-packages\django\db\models\sql\compiler.py", line 1623, in execute_sql
    cursor.execute(sql, params)
    ~~~~~~~~~~~~~~^^^^^^^^^^^^^
  File "C:\Users\HomePC\Desktop\shadow-clean\shadow-clean\venv\Lib\site-packages\django\db\backends\utils.py", line 122, in execute
    return super().execute(sql, params)
           ~~~~~~~~~~~~~~~^^^^^^^^^^^^^
  File "C:\Users\HomePC\Desktop\shadow-clean\shadow-clean\venv\Lib\site-packages\django\db\backends\utils.py", line 79, in execute
    return self._execute_with_wrappers(
           ~~~~~~~~~~~~~~~~~~~~~~~~~~~^
        sql, params, many=False, executor=self._execute
        ^^^^^^^^^^^^^^^^^^^^^^^^^^^^^^^^^^^^^^^^^^^^^^^
    )
    ^
  File "C:\Users\HomePC\Desktop\shadow-clean\shadow-clean\venv\Lib\site-packages\django\db\backends\utils.py", line 92, in _execute_with_wrappers
    return executor(sql, params, many, context)
  File "C:\Users\HomePC\Desktop\shadow-clean\shadow-clean\venv\Lib\site-packages\django\db\backends\utils.py", line 100, in _execute
    with self.db.wrap_database_errors:
         ^^^^^^^^^^^^^^^^^^^^^^^^^^^^
  File "C:\Users\HomePC\Desktop\shadow-clean\shadow-clean\venv\Lib\site-packages\django\db\utils.py", line 91, in __exit__
    raise dj_exc_value.with_traceback(traceback) from exc_value
  File "C:\Users\HomePC\Desktop\shadow-clean\shadow-clean\venv\Lib\site-packages\django\db\backends\utils.py", line 105, in _execute
    return self.cursor.execute(sql, params)
           ~~~~~~~~~~~~~~~~~~~^^^^^^^^^^^^^
  File "C:\Users\HomePC\Desktop\shadow-clean\shadow-clean\venv\Lib\site-packages\django\db\backends\sqlite3\base.py", line 360, in execute
    return super().execute(query, params)
           ~~~~~~~~~~~~~~~^^^^^^^^^^^^^^^
django.db.utils.OperationalError: no such table: core_pseudonymoususer
WARNING 2025-10-21 20:14:57,854 log 18212 2064 Not Found: /.well-known/appspecific/com.chrome.devtools.json
WARNING 2025-10-21 20:15:27,009 log 18212 2064 Not Found: /.well-known/appspecific/com.chrome.devtools.json
WARNING 2025-10-21 20:17:50,925 log 18212 2064 Not Found: /.well-known/appspecific/com.chrome.devtools.json
ERROR 2025-10-21 20:17:55,951 log 18212 2064 Internal Server Error: /project/submit/
Traceback (most recent call last):
  File "C:\Users\HomePC\Desktop\shadow-clean\shadow-clean\venv\Lib\site-packages\django\core\handlers\exception.py", line 55, in inner
    response = get_response(request)
  File "C:\Users\HomePC\Desktop\shadow-clean\shadow-clean\venv\Lib\site-packages\django\core\handlers\base.py", line 197, in _get_response
    response = wrapped_callback(request, *callback_args, **callback_kwargs)
  File "C:\Users\HomePC\Desktop\shadow-clean\shadow-clean\core\decorators.py", line 82, in wrapper
    return redirect('request_magic_link')
  File "C:\Users\HomePC\Desktop\shadow-clean\shadow-clean\venv\Lib\site-packages\django\shortcuts.py", line 51, in redirect
    resolve_url(to, *args, **kwargs),
    ~~~~~~~~~~~^^^^^^^^^^^^^^^^^^^^^
  File "C:\Users\HomePC\Desktop\shadow-clean\shadow-clean\venv\Lib\site-packages\django\shortcuts.py", line 184, in resolve_url
    return reverse(to, args=args, kwargs=kwargs)
  File "C:\Users\HomePC\Desktop\shadow-clean\shadow-clean\venv\Lib\site-packages\django\urls\base.py", line 98, in reverse
    resolved_url = resolver._reverse_with_prefix(view, prefix, *args, **kwargs)
  File "C:\Users\HomePC\Desktop\shadow-clean\shadow-clean\venv\Lib\site-packages\django\urls\resolvers.py", line 831, in _reverse_with_prefix
    raise NoReverseMatch(msg)
django.urls.exceptions.NoReverseMatch: Reverse for 'request_magic_link' not found. 'request_magic_link' is not a valid view function or pattern name.
WARNING 2025-10-21 20:17:56,443 log 18212 2064 Not Found: /.well-known/appspecific/com.chrome.devtools.json
WARNING 2025-10-21 20:18:04,473 log 18212 2064 Not Found: /.well-known/appspecific/com.chrome.devtools.json
WARNING 2025-10-21 20:18:04,613 log 18212 2064 Not Found: /.well-known/appspecific/com.chrome.devtools.json
WARNING 2025-10-21 20:18:09,205 log 18212 2064 Not Found: /.well-known/appspecific/com.chrome.devtools.json
WARNING 2025-10-21 20:18:14,578 log 18212 2064 Not Found: /.well-known/appspecific/com.chrome.devtools.json
ERROR 2025-10-21 20:18:23,412 log 18212 2064 Internal Server Error: /auth/request-magic-link/
Traceback (most recent call last):
  File "C:\Users\HomePC\Desktop\shadow-clean\shadow-clean\venv\Lib\site-packages\django\db\backends\utils.py", line 105, in _execute
    return self.cursor.execute(sql, params)
           ~~~~~~~~~~~~~~~~~~~^^^^^^^^^^^^^
  File "C:\Users\HomePC\Desktop\shadow-clean\shadow-clean\venv\Lib\site-packages\django\db\backends\sqlite3\base.py", line 360, in execute
    return super().execute(query, params)
           ~~~~~~~~~~~~~~~^^^^^^^^^^^^^^^
sqlite3.OperationalError: no such table: core_pseudonymoususer

The above exception was the direct cause of the following exception:

Traceback (most recent call last):
  File "C:\Users\HomePC\Desktop\shadow-clean\shadow-clean\venv\Lib\site-packages\django\core\handlers\exception.py", line 55, in inner
    response = get_response(request)
  File "C:\Users\HomePC\Desktop\shadow-clean\shadow-clean\venv\Lib\site-packages\django\core\handlers\base.py", line 197, in _get_response
    response = wrapped_callback(request, *callback_args, **callback_kwargs)
  File "C:\Users\HomePC\Desktop\shadow-clean\shadow-clean\core\views.py", line 51, in request_magic_link
    user, created = PseudonymousUser.objects.get_or_create(
                    ~~~~~~~~~~~~~~~~~~~~~~~~~~~~~~~~~~~~~~^
        alias=alias,
        ^^^^^^^^^^^^
        defaults={'email': email if email else None}
        ^^^^^^^^^^^^^^^^^^^^^^^^^^^^^^^^^^^^^^^^^^^^
    )
    ^
  File "C:\Users\HomePC\Desktop\shadow-clean\shadow-clean\venv\Lib\site-packages\django\db\models\manager.py", line 87, in manager_method
    return getattr(self.get_queryset(), name)(*args, **kwargs)
           ~~~~~~~~~~~~~~~~~~~~~~~~~~~~~~~~~~^^^^^^^^^^^^^^^^^
  File "C:\Users\HomePC\Desktop\shadow-clean\shadow-clean\venv\Lib\site-packages\django\db\models\query.py", line 946, in get_or_create
    return self.get(**kwargs), False
           ~~~~~~~~^^^^^^^^^^
  File "C:\Users\HomePC\Desktop\shadow-clean\shadow-clean\venv\Lib\site-packages\django\db\models\query.py", line 629, in get
    num = len(clone)
  File "C:\Users\HomePC\Desktop\shadow-clean\shadow-clean\venv\Lib\site-packages\django\db\models\query.py", line 366, in __len__
    self._fetch_all()
    ~~~~~~~~~~~~~~~^^
  File "C:\Users\HomePC\Desktop\shadow-clean\shadow-clean\venv\Lib\site-packages\django\db\models\query.py", line 1949, in _fetch_all
    self._result_cache = list(self._iterable_class(self))
                         ~~~~^^^^^^^^^^^^^^^^^^^^^^^^^^^^
  File "C:\Users\HomePC\Desktop\shadow-clean\shadow-clean\venv\Lib\site-packages\django\db\models\query.py", line 91, in __iter__
    results = compiler.execute_sql(
        chunked_fetch=self.chunked_fetch, chunk_size=self.chunk_size
    )
  File "C:\Users\HomePC\Desktop\shadow-clean\shadow-clean\venv\Lib\site-packages\django\db\models\sql\compiler.py", line 1623, in execute_sql
    cursor.execute(sql, params)
    ~~~~~~~~~~~~~~^^^^^^^^^^^^^
  File "C:\Users\HomePC\Desktop\shadow-clean\shadow-clean\venv\Lib\site-packages\django\db\backends\utils.py", line 122, in execute
    return super().execute(sql, params)
           ~~~~~~~~~~~~~~~^^^^^^^^^^^^^
  File "C:\Users\HomePC\Desktop\shadow-clean\shadow-clean\venv\Lib\site-packages\django\db\backends\utils.py", line 79, in execute
    return self._execute_with_wrappers(
           ~~~~~~~~~~~~~~~~~~~~~~~~~~~^
        sql, params, many=False, executor=self._execute
        ^^^^^^^^^^^^^^^^^^^^^^^^^^^^^^^^^^^^^^^^^^^^^^^
    )
    ^
  File "C:\Users\HomePC\Desktop\shadow-clean\shadow-clean\venv\Lib\site-packages\django\db\backends\utils.py", line 92, in _execute_with_wrappers
    return executor(sql, params, many, context)
  File "C:\Users\HomePC\Desktop\shadow-clean\shadow-clean\venv\Lib\site-packages\django\db\backends\utils.py", line 100, in _execute
    with self.db.wrap_database_errors:
         ^^^^^^^^^^^^^^^^^^^^^^^^^^^^
  File "C:\Users\HomePC\Desktop\shadow-clean\shadow-clean\venv\Lib\site-packages\django\db\utils.py", line 91, in __exit__
    raise dj_exc_value.with_traceback(traceback) from exc_value
  File "C:\Users\HomePC\Desktop\shadow-clean\shadow-clean\venv\Lib\site-packages\django\db\backends\utils.py", line 105, in _execute
    return self.cursor.execute(sql, params)
           ~~~~~~~~~~~~~~~~~~~^^^^^^^^^^^^^
  File "C:\Users\HomePC\Desktop\shadow-clean\shadow-clean\venv\Lib\site-packages\django\db\backends\sqlite3\base.py", line 360, in execute
    return super().execute(query, params)
           ~~~~~~~~~~~~~~~^^^^^^^^^^^^^^^
django.db.utils.OperationalError: no such table: core_pseudonymoususer
WARNING 2025-10-21 20:18:23,649 log 18212 2064 Not Found: /.well-known/appspecific/com.chrome.devtools.json
INFO 2025-10-21 20:30:12,704 autoreload 10856 12492 Watching for file changes with StatReloader
WARNING 2025-10-21 20:30:37,204 log 10856 10964 Not Found: /.well-known/appspecific/com.chrome.devtools.json
ERROR 2025-10-21 20:30:41,446 log 10856 10964 Internal Server Error: /auth/request-magic-link/
Traceback (most recent call last):
  File "C:\Users\HomePC\Desktop\shadow-clean\shadow-clean\venv\Lib\site-packages\django\db\backends\utils.py", line 105, in _execute
    return self.cursor.execute(sql, params)
           ~~~~~~~~~~~~~~~~~~~^^^^^^^^^^^^^
  File "C:\Users\HomePC\Desktop\shadow-clean\shadow-clean\venv\Lib\site-packages\django\db\backends\sqlite3\base.py", line 360, in execute
    return super().execute(query, params)
           ~~~~~~~~~~~~~~~^^^^^^^^^^^^^^^
sqlite3.OperationalError: no such table: core_pseudonymoususer

The above exception was the direct cause of the following exception:

Traceback (most recent call last):
  File "C:\Users\HomePC\Desktop\shadow-clean\shadow-clean\venv\Lib\site-packages\django\core\handlers\exception.py", line 55, in inner
    response = get_response(request)
  File "C:\Users\HomePC\Desktop\shadow-clean\shadow-clean\venv\Lib\site-packages\django\core\handlers\base.py", line 197, in _get_response
    response = wrapped_callback(request, *callback_args, **callback_kwargs)
  File "C:\Users\HomePC\Desktop\shadow-clean\shadow-clean\core\views.py", line 51, in request_magic_link
    user, created = PseudonymousUser.objects.get_or_create(
                    ~~~~~~~~~~~~~~~~~~~~~~~~~~~~~~~~~~~~~~^
        alias=alias,
        ^^^^^^^^^^^^
        defaults={'email': email if email else None}
        ^^^^^^^^^^^^^^^^^^^^^^^^^^^^^^^^^^^^^^^^^^^^
    )
    ^
  File "C:\Users\HomePC\Desktop\shadow-clean\shadow-clean\venv\Lib\site-packages\django\db\models\manager.py", line 87, in manager_method
    return getattr(self.get_queryset(), name)(*args, **kwargs)
           ~~~~~~~~~~~~~~~~~~~~~~~~~~~~~~~~~~^^^^^^^^^^^^^^^^^
  File "C:\Users\HomePC\Desktop\shadow-clean\shadow-clean\venv\Lib\site-packages\django\db\models\query.py", line 946, in get_or_create
    return self.get(**kwargs), False
           ~~~~~~~~^^^^^^^^^^
  File "C:\Users\HomePC\Desktop\shadow-clean\shadow-clean\venv\Lib\site-packages\django\db\models\query.py", line 629, in get
    num = len(clone)
  File "C:\Users\HomePC\Desktop\shadow-clean\shadow-clean\venv\Lib\site-packages\django\db\models\query.py", line 366, in __len__
    self._fetch_all()
    ~~~~~~~~~~~~~~~^^
  File "C:\Users\HomePC\Desktop\shadow-clean\shadow-clean\venv\Lib\site-packages\django\db\models\query.py", line 1949, in _fetch_all
    self._result_cache = list(self._iterable_class(self))
                         ~~~~^^^^^^^^^^^^^^^^^^^^^^^^^^^^
  File "C:\Users\HomePC\Desktop\shadow-clean\shadow-clean\venv\Lib\site-packages\django\db\models\query.py", line 91, in __iter__
    results = compiler.execute_sql(
        chunked_fetch=self.chunked_fetch, chunk_size=self.chunk_size
    )
  File "C:\Users\HomePC\Desktop\shadow-clean\shadow-clean\venv\Lib\site-packages\django\db\models\sql\compiler.py", line 1623, in execute_sql
    cursor.execute(sql, params)
    ~~~~~~~~~~~~~~^^^^^^^^^^^^^
  File "C:\Users\HomePC\Desktop\shadow-clean\shadow-clean\venv\Lib\site-packages\django\db\backends\utils.py", line 122, in execute
    return super().execute(sql, params)
           ~~~~~~~~~~~~~~~^^^^^^^^^^^^^
  File "C:\Users\HomePC\Desktop\shadow-clean\shadow-clean\venv\Lib\site-packages\django\db\backends\utils.py", line 79, in execute
    return self._execute_with_wrappers(
           ~~~~~~~~~~~~~~~~~~~~~~~~~~~^
        sql, params, many=False, executor=self._execute
        ^^^^^^^^^^^^^^^^^^^^^^^^^^^^^^^^^^^^^^^^^^^^^^^
    )
    ^
  File "C:\Users\HomePC\Desktop\shadow-clean\shadow-clean\venv\Lib\site-packages\django\db\backends\utils.py", line 92, in _execute_with_wrappers
    return executor(sql, params, many, context)
  File "C:\Users\HomePC\Desktop\shadow-clean\shadow-clean\venv\Lib\site-packages\django\db\backends\utils.py", line 100, in _execute
    with self.db.wrap_database_errors:
         ^^^^^^^^^^^^^^^^^^^^^^^^^^^^
  File "C:\Users\HomePC\Desktop\shadow-clean\shadow-clean\venv\Lib\site-packages\django\db\utils.py", line 91, in __exit__
    raise dj_exc_value.with_traceback(traceback) from exc_value
  File "C:\Users\HomePC\Desktop\shadow-clean\shadow-clean\venv\Lib\site-packages\django\db\backends\utils.py", line 105, in _execute
    return self.cursor.execute(sql, params)
           ~~~~~~~~~~~~~~~~~~~^^^^^^^^^^^^^
  File "C:\Users\HomePC\Desktop\shadow-clean\shadow-clean\venv\Lib\site-packages\django\db\backends\sqlite3\base.py", line 360, in execute
    return super().execute(query, params)
           ~~~~~~~~~~~~~~~^^^^^^^^^^^^^^^
django.db.utils.OperationalError: no such table: core_pseudonymoususer
WARNING 2025-10-21 20:30:43,783 log 10856 10964 Not Found: /.well-known/appspecific/com.chrome.devtools.json
INFO 2025-10-21 20:32:21,285 autoreload 10856 12492 C:\Users\HomePC\Desktop\shadow-clean\shadow-clean\core\models.py changed, reloading.
INFO 2025-10-21 20:32:28,170 autoreload 6832 2228 Watching for file changes with StatReloader
INFO 2025-10-21 20:36:12,394 autoreload 6832 2228 C:\Users\HomePC\Desktop\shadow-clean\shadow-clean\core\models.py changed, reloading.
INFO 2025-10-21 20:36:15,895 autoreload 13600 16324 Watching for file changes with StatReloader
WARNING 2025-10-21 20:36:52,248 log 13600 17360 Not Found: /.well-known/appspecific/com.chrome.devtools.json
ERROR 2025-10-21 20:36:56,794 log 13600 17360 Internal Server Error: /auth/request-magic-link/
Traceback (most recent call last):
  File "C:\Users\HomePC\Desktop\shadow-clean\shadow-clean\venv\Lib\site-packages\django\db\backends\utils.py", line 105, in _execute
    return self.cursor.execute(sql, params)
           ~~~~~~~~~~~~~~~~~~~^^^^^^^^^^^^^
  File "C:\Users\HomePC\Desktop\shadow-clean\shadow-clean\venv\Lib\site-packages\django\db\backends\sqlite3\base.py", line 360, in execute
    return super().execute(query, params)
           ~~~~~~~~~~~~~~~^^^^^^^^^^^^^^^
sqlite3.OperationalError: no such table: core_pseudonymoususer

The above exception was the direct cause of the following exception:

Traceback (most recent call last):
  File "C:\Users\HomePC\Desktop\shadow-clean\shadow-clean\venv\Lib\site-packages\django\core\handlers\exception.py", line 55, in inner
    response = get_response(request)
  File "C:\Users\HomePC\Desktop\shadow-clean\shadow-clean\venv\Lib\site-packages\django\core\handlers\base.py", line 197, in _get_response
    response = wrapped_callback(request, *callback_args, **callback_kwargs)
  File "C:\Users\HomePC\Desktop\shadow-clean\shadow-clean\core\views.py", line 51, in request_magic_link
    user, created = PseudonymousUser.objects.get_or_create(
                    ~~~~~~~~~~~~~~~~~~~~~~~~~~~~~~~~~~~~~~^
        alias=alias,
        ^^^^^^^^^^^^
        defaults={'email': email if email else None}
        ^^^^^^^^^^^^^^^^^^^^^^^^^^^^^^^^^^^^^^^^^^^^
    )
    ^
  File "C:\Users\HomePC\Desktop\shadow-clean\shadow-clean\venv\Lib\site-packages\django\db\models\manager.py", line 87, in manager_method
    return getattr(self.get_queryset(), name)(*args, **kwargs)
           ~~~~~~~~~~~~~~~~~~~~~~~~~~~~~~~~~~^^^^^^^^^^^^^^^^^
  File "C:\Users\HomePC\Desktop\shadow-clean\shadow-clean\venv\Lib\site-packages\django\db\models\query.py", line 946, in get_or_create
    return self.get(**kwargs), False
           ~~~~~~~~^^^^^^^^^^
  File "C:\Users\HomePC\Desktop\shadow-clean\shadow-clean\venv\Lib\site-packages\django\db\models\query.py", line 629, in get
    num = len(clone)
  File "C:\Users\HomePC\Desktop\shadow-clean\shadow-clean\venv\Lib\site-packages\django\db\models\query.py", line 366, in __len__
    self._fetch_all()
    ~~~~~~~~~~~~~~~^^
  File "C:\Users\HomePC\Desktop\shadow-clean\shadow-clean\venv\Lib\site-packages\django\db\models\query.py", line 1949, in _fetch_all
    self._result_cache = list(self._iterable_class(self))
                         ~~~~^^^^^^^^^^^^^^^^^^^^^^^^^^^^
  File "C:\Users\HomePC\Desktop\shadow-clean\shadow-clean\venv\Lib\site-packages\django\db\models\query.py", line 91, in __iter__
    results = compiler.execute_sql(
        chunked_fetch=self.chunked_fetch, chunk_size=self.chunk_size
    )
  File "C:\Users\HomePC\Desktop\shadow-clean\shadow-clean\venv\Lib\site-packages\django\db\models\sql\compiler.py", line 1623, in execute_sql
    cursor.execute(sql, params)
    ~~~~~~~~~~~~~~^^^^^^^^^^^^^
  File "C:\Users\HomePC\Desktop\shadow-clean\shadow-clean\venv\Lib\site-packages\django\db\backends\utils.py", line 122, in execute
    return super().execute(sql, params)
           ~~~~~~~~~~~~~~~^^^^^^^^^^^^^
  File "C:\Users\HomePC\Desktop\shadow-clean\shadow-clean\venv\Lib\site-packages\django\db\backends\utils.py", line 79, in execute
    return self._execute_with_wrappers(
           ~~~~~~~~~~~~~~~~~~~~~~~~~~~^
        sql, params, many=False, executor=self._execute
        ^^^^^^^^^^^^^^^^^^^^^^^^^^^^^^^^^^^^^^^^^^^^^^^
    )
    ^
  File "C:\Users\HomePC\Desktop\shadow-clean\shadow-clean\venv\Lib\site-packages\django\db\backends\utils.py", line 92, in _execute_with_wrappers
    return executor(sql, params, many, context)
  File "C:\Users\HomePC\Desktop\shadow-clean\shadow-clean\venv\Lib\site-packages\django\db\backends\utils.py", line 100, in _execute
    with self.db.wrap_database_errors:
         ^^^^^^^^^^^^^^^^^^^^^^^^^^^^
  File "C:\Users\HomePC\Desktop\shadow-clean\shadow-clean\venv\Lib\site-packages\django\db\utils.py", line 91, in __exit__
    raise dj_exc_value.with_traceback(traceback) from exc_value
  File "C:\Users\HomePC\Desktop\shadow-clean\shadow-clean\venv\Lib\site-packages\django\db\backends\utils.py", line 105, in _execute
    return self.cursor.execute(sql, params)
           ~~~~~~~~~~~~~~~~~~~^^^^^^^^^^^^^
  File "C:\Users\HomePC\Desktop\shadow-clean\shadow-clean\venv\Lib\site-packages\django\db\backends\sqlite3\base.py", line 360, in execute
    return super().execute(query, params)
           ~~~~~~~~~~~~~~~^^^^^^^^^^^^^^^
django.db.utils.OperationalError: no such table: core_pseudonymoususer
WARNING 2025-10-21 20:36:56,949 log 13600 17360 Not Found: /.well-known/appspecific/com.chrome.devtools.json
INFO 2025-10-21 20:38:46,220 autoreload 4356 2408 Watching for file changes with StatReloader
WARNING 2025-10-21 20:39:10,677 log 4356 13756 Not Found: /.well-known/appspecific/com.chrome.devtools.json
ERROR 2025-10-21 20:39:16,672 log 4356 14236 Internal Server Error: /auth/request-magic-link/
Traceback (most recent call last):
  File "C:\Users\HomePC\Desktop\shadow-clean\shadow-clean\venv\Lib\site-packages\django\core\handlers\exception.py", line 55, in inner
    response = get_response(request)
  File "C:\Users\HomePC\Desktop\shadow-clean\shadow-clean\venv\Lib\site-packages\django\core\handlers\base.py", line 197, in _get_response
    response = wrapped_callback(request, *callback_args, **callback_kwargs)
  File "C:\Users\HomePC\Desktop\shadow-clean\shadow-clean\core\views.py", line 82, in request_magic_link
    return render(request, 'auth/magic_link_display.html', {'magic_link': magic_link})
  File "C:\Users\HomePC\Desktop\shadow-clean\shadow-clean\venv\Lib\site-packages\django\shortcuts.py", line 25, in render
    content = loader.render_to_string(template_name, context, request, using=using)
  File "C:\Users\HomePC\Desktop\shadow-clean\shadow-clean\venv\Lib\site-packages\django\template\loader.py", line 62, in render_to_string
    return template.render(context, request)
           ~~~~~~~~~~~~~~~^^^^^^^^^^^^^^^^^^
  File "C:\Users\HomePC\Desktop\shadow-clean\shadow-clean\venv\Lib\site-packages\django\template\backends\django.py", line 107, in render
    return self.template.render(context)
           ~~~~~~~~~~~~~~~~~~~~^^^^^^^^^
  File "C:\Users\HomePC\Desktop\shadow-clean\shadow-clean\venv\Lib\site-packages\django\template\base.py", line 171, in render
    return self._render(context)
           ~~~~~~~~~~~~^^^^^^^^^
  File "C:\Users\HomePC\Desktop\shadow-clean\shadow-clean\venv\Lib\site-packages\django\template\base.py", line 163, in _render
    return self.nodelist.render(context)
           ~~~~~~~~~~~~~~~~~~~~^^^^^^^^^
  File "C:\Users\HomePC\Desktop\shadow-clean\shadow-clean\venv\Lib\site-packages\django\template\base.py", line 1016, in render
    return SafeString("".join([node.render_annotated(context) for node in self]))
                               ~~~~~~~~~~~~~~~~~~~~~^^^^^^^^^
  File "C:\Users\HomePC\Desktop\shadow-clean\shadow-clean\venv\Lib\site-packages\django\template\base.py", line 977, in render_annotated
    return self.render(context)
           ~~~~~~~~~~~^^^^^^^^^
  File "C:\Users\HomePC\Desktop\shadow-clean\shadow-clean\venv\Lib\site-packages\django\template\defaulttags.py", line 480, in render
    url = reverse(view_name, args=args, kwargs=kwargs, current_app=current_app)
  File "C:\Users\HomePC\Desktop\shadow-clean\shadow-clean\venv\Lib\site-packages\django\urls\base.py", line 98, in reverse
    resolved_url = resolver._reverse_with_prefix(view, prefix, *args, **kwargs)
  File "C:\Users\HomePC\Desktop\shadow-clean\shadow-clean\venv\Lib\site-packages\django\urls\resolvers.py", line 831, in _reverse_with_prefix
    raise NoReverseMatch(msg)
django.urls.exceptions.NoReverseMatch: Reverse for 'home' not found. 'home' is not a valid view function or pattern name.
WARNING 2025-10-21 20:39:16,775 log 4356 14236 Not Found: /.well-known/appspecific/com.chrome.devtools.json
WARNING 2025-10-21 20:46:05,706 log 4356 19200 Not Found: /.well-known/appspecific/com.chrome.devtools.json
ERROR 2025-10-21 20:46:10,240 log 4356 19200 Internal Server Error: /auth/request-magic-link/
Traceback (most recent call last):
  File "C:\Users\HomePC\Desktop\shadow-clean\shadow-clean\venv\Lib\site-packages\django\core\handlers\exception.py", line 55, in inner
    response = get_response(request)
  File "C:\Users\HomePC\Desktop\shadow-clean\shadow-clean\venv\Lib\site-packages\django\core\handlers\base.py", line 197, in _get_response
    response = wrapped_callback(request, *callback_args, **callback_kwargs)
  File "C:\Users\HomePC\Desktop\shadow-clean\shadow-clean\core\views.py", line 82, in request_magic_link
    return render(request, 'auth/magic_link_display.html', {'magic_link': magic_link})
  File "C:\Users\HomePC\Desktop\shadow-clean\shadow-clean\venv\Lib\site-packages\django\shortcuts.py", line 25, in render
    content = loader.render_to_string(template_name, context, request, using=using)
  File "C:\Users\HomePC\Desktop\shadow-clean\shadow-clean\venv\Lib\site-packages\django\template\loader.py", line 62, in render_to_string
    return template.render(context, request)
           ~~~~~~~~~~~~~~~^^^^^^^^^^^^^^^^^^
  File "C:\Users\HomePC\Desktop\shadow-clean\shadow-clean\venv\Lib\site-packages\django\template\backends\django.py", line 107, in render
    return self.template.render(context)
           ~~~~~~~~~~~~~~~~~~~~^^^^^^^^^
  File "C:\Users\HomePC\Desktop\shadow-clean\shadow-clean\venv\Lib\site-packages\django\template\base.py", line 171, in render
    return self._render(context)
           ~~~~~~~~~~~~^^^^^^^^^
  File "C:\Users\HomePC\Desktop\shadow-clean\shadow-clean\venv\Lib\site-packages\django\template\base.py", line 163, in _render
    return self.nodelist.render(context)
           ~~~~~~~~~~~~~~~~~~~~^^^^^^^^^
  File "C:\Users\HomePC\Desktop\shadow-clean\shadow-clean\venv\Lib\site-packages\django\template\base.py", line 1016, in render
    return SafeString("".join([node.render_annotated(context) for node in self]))
                               ~~~~~~~~~~~~~~~~~~~~~^^^^^^^^^
  File "C:\Users\HomePC\Desktop\shadow-clean\shadow-clean\venv\Lib\site-packages\django\template\base.py", line 977, in render_annotated
    return self.render(context)
           ~~~~~~~~~~~^^^^^^^^^
  File "C:\Users\HomePC\Desktop\shadow-clean\shadow-clean\venv\Lib\site-packages\django\template\defaulttags.py", line 480, in render
    url = reverse(view_name, args=args, kwargs=kwargs, current_app=current_app)
  File "C:\Users\HomePC\Desktop\shadow-clean\shadow-clean\venv\Lib\site-packages\django\urls\base.py", line 98, in reverse
    resolved_url = resolver._reverse_with_prefix(view, prefix, *args, **kwargs)
  File "C:\Users\HomePC\Desktop\shadow-clean\shadow-clean\venv\Lib\site-packages\django\urls\resolvers.py", line 831, in _reverse_with_prefix
    raise NoReverseMatch(msg)
django.urls.exceptions.NoReverseMatch: Reverse for 'corehome' not found. 'corehome' is not a valid view function or pattern name.
WARNING 2025-10-21 20:46:10,472 log 4356 19200 Not Found: /.well-known/appspecific/com.chrome.devtools.json
WARNING 2025-10-21 20:46:29,497 log 4356 19200 Not Found: /.well-known/appspecific/com.chrome.devtools.json
WARNING 2025-10-21 20:46:35,347 log 4356 17952 Not Found: /.well-known/appspecific/com.chrome.devtools.json
ERROR 2025-10-21 20:46:45,753 log 4356 15572 Internal Server Error: /auth/verify-magic-link/
Traceback (most recent call last):
  File "C:\Users\HomePC\Desktop\shadow-clean\shadow-clean\venv\Lib\site-packages\django\core\handlers\exception.py", line 55, in inner
    response = get_response(request)
  File "C:\Users\HomePC\Desktop\shadow-clean\shadow-clean\venv\Lib\site-packages\django\core\handlers\base.py", line 197, in _get_response
    response = wrapped_callback(request, *callback_args, **callback_kwargs)
  File "C:\Users\HomePC\Desktop\shadow-clean\shadow-clean\core\views.py", line 122, in verify_magic_link
    return redirect('client_dashboard')
  File "C:\Users\HomePC\Desktop\shadow-clean\shadow-clean\venv\Lib\site-packages\django\shortcuts.py", line 51, in redirect
    resolve_url(to, *args, **kwargs),
    ~~~~~~~~~~~^^^^^^^^^^^^^^^^^^^^^
  File "C:\Users\HomePC\Desktop\shadow-clean\shadow-clean\venv\Lib\site-packages\django\shortcuts.py", line 184, in resolve_url
    return reverse(to, args=args, kwargs=kwargs)
  File "C:\Users\HomePC\Desktop\shadow-clean\shadow-clean\venv\Lib\site-packages\django\urls\base.py", line 98, in reverse
    resolved_url = resolver._reverse_with_prefix(view, prefix, *args, **kwargs)
  File "C:\Users\HomePC\Desktop\shadow-clean\shadow-clean\venv\Lib\site-packages\django\urls\resolvers.py", line 831, in _reverse_with_prefix
    raise NoReverseMatch(msg)
django.urls.exceptions.NoReverseMatch: Reverse for 'client_dashboard' not found. 'client_dashboard' is not a valid view function or pattern name.
WARNING 2025-10-21 20:52:06,842 log 4356 1316 Forbidden (CSRF token from POST incorrect.): /auth/request-magic-link/
WARNING 2025-10-21 20:52:06,966 log 4356 1316 Not Found: /.well-known/appspecific/com.chrome.devtools.json
WARNING 2025-10-21 20:52:27,736 log 4356 1316 Not Found: /.well-known/appspecific/com.chrome.devtools.json
WARNING 2025-10-21 20:52:31,637 log 4356 1316 Not Found: /.well-known/appspecific/com.chrome.devtools.json
WARNING 2025-10-21 20:52:49,924 log 4356 12700 Not Found: /.well-known/appspecific/com.chrome.devtools.json
WARNING 2025-10-21 20:53:15,608 log 4356 19252 Not Found: /.well-known/appspecific/com.chrome.devtools.json
WARNING 2025-10-21 20:53:26,995 log 4356 19252 Not Found: /.well-known/appspecific/com.chrome.devtools.json
WARNING 2025-10-21 20:56:55,277 log 4356 8780 Not Found: /.well-known/appspecific/com.chrome.devtools.json
ERROR 2025-10-21 20:57:28,762 log 4356 11632 Internal Server Error: /auth/verify-magic-link/
Traceback (most recent call last):
  File "C:\Users\HomePC\Desktop\shadow-clean\shadow-clean\venv\Lib\site-packages\django\core\handlers\exception.py", line 55, in inner
    response = get_response(request)
  File "C:\Users\HomePC\Desktop\shadow-clean\shadow-clean\venv\Lib\site-packages\django\core\handlers\base.py", line 197, in _get_response
    response = wrapped_callback(request, *callback_args, **callback_kwargs)
  File "C:\Users\HomePC\Desktop\shadow-clean\shadow-clean\core\views.py", line 122, in verify_magic_link
    return redirect('client_dashboard')
  File "C:\Users\HomePC\Desktop\shadow-clean\shadow-clean\venv\Lib\site-packages\django\shortcuts.py", line 51, in redirect
    resolve_url(to, *args, **kwargs),
    ~~~~~~~~~~~^^^^^^^^^^^^^^^^^^^^^
  File "C:\Users\HomePC\Desktop\shadow-clean\shadow-clean\venv\Lib\site-packages\django\shortcuts.py", line 184, in resolve_url
    return reverse(to, args=args, kwargs=kwargs)
  File "C:\Users\HomePC\Desktop\shadow-clean\shadow-clean\venv\Lib\site-packages\django\urls\base.py", line 98, in reverse
    resolved_url = resolver._reverse_with_prefix(view, prefix, *args, **kwargs)
  File "C:\Users\HomePC\Desktop\shadow-clean\shadow-clean\venv\Lib\site-packages\django\urls\resolvers.py", line 831, in _reverse_with_prefix
    raise NoReverseMatch(msg)
django.urls.exceptions.NoReverseMatch: Reverse for 'client_dashboard' not found. 'client_dashboard' is not a valid view function or pattern name.
ERROR 2025-10-21 21:00:54,841 log 4356 1668 Internal Server Error: /project/submit/
Traceback (most recent call last):
  File "C:\Users\HomePC\Desktop\shadow-clean\shadow-clean\venv\Lib\site-packages\django\core\handlers\exception.py", line 55, in inner
    response = get_response(request)
  File "C:\Users\HomePC\Desktop\shadow-clean\shadow-clean\venv\Lib\site-packages\django\core\handlers\base.py", line 197, in _get_response
    response = wrapped_callback(request, *callback_args, **callback_kwargs)
  File "C:\Users\HomePC\Desktop\shadow-clean\shadow-clean\core\decorators.py", line 82, in wrapper
    return redirect('request_magic_link')
  File "C:\Users\HomePC\Desktop\shadow-clean\shadow-clean\venv\Lib\site-packages\django\shortcuts.py", line 51, in redirect
    resolve_url(to, *args, **kwargs),
    ~~~~~~~~~~~^^^^^^^^^^^^^^^^^^^^^
  File "C:\Users\HomePC\Desktop\shadow-clean\shadow-clean\venv\Lib\site-packages\django\shortcuts.py", line 184, in resolve_url
    return reverse(to, args=args, kwargs=kwargs)
  File "C:\Users\HomePC\Desktop\shadow-clean\shadow-clean\venv\Lib\site-packages\django\urls\base.py", line 98, in reverse
    resolved_url = resolver._reverse_with_prefix(view, prefix, *args, **kwargs)
  File "C:\Users\HomePC\Desktop\shadow-clean\shadow-clean\venv\Lib\site-packages\django\urls\resolvers.py", line 831, in _reverse_with_prefix
    raise NoReverseMatch(msg)
django.urls.exceptions.NoReverseMatch: Reverse for 'request_magic_link' not found. 'request_magic_link' is not a valid view function or pattern name.
WARNING 2025-10-21 21:01:13,229 log 4356 1668 Forbidden (CSRF token from POST incorrect.): /auth/request-magic-link/
INFO 2025-10-21 21:09:19,172 autoreload 4356 2408 C:\Users\HomePC\Desktop\shadow-clean\shadow-clean\core\views.py changed, reloading.
INFO 2025-10-21 21:09:24,567 autoreload 8152 4756 Watching for file changes with StatReloader
INFO 2025-10-21 21:09:34,698 autoreload 8152 4756 C:\Users\HomePC\Desktop\shadow-clean\shadow-clean\core\views.py changed, reloading.
INFO 2025-10-21 21:09:37,014 autoreload 12576 14260 Watching for file changes with StatReloader
ERROR 2025-10-21 21:10:36,671 log 12576 14864 Internal Server Error: /auth/verify-magic-link/
Traceback (most recent call last):
  File "C:\Users\HomePC\Desktop\shadow-clean\shadow-clean\venv\Lib\site-packages\django\core\handlers\exception.py", line 55, in inner
    response = get_response(request)
  File "C:\Users\HomePC\Desktop\shadow-clean\shadow-clean\venv\Lib\site-packages\django\core\handlers\base.py", line 197, in _get_response
    response = wrapped_callback(request, *callback_args, **callback_kwargs)
  File "C:\Users\HomePC\Desktop\shadow-clean\shadow-clean\core\views.py", line 122, in verify_magic_link
    return redirect('core:client_dashboard')
  File "C:\Users\HomePC\Desktop\shadow-clean\shadow-clean\venv\Lib\site-packages\django\shortcuts.py", line 51, in redirect
    resolve_url(to, *args, **kwargs),
    ~~~~~~~~~~~^^^^^^^^^^^^^^^^^^^^^
  File "C:\Users\HomePC\Desktop\shadow-clean\shadow-clean\venv\Lib\site-packages\django\shortcuts.py", line 184, in resolve_url
    return reverse(to, args=args, kwargs=kwargs)
  File "C:\Users\HomePC\Desktop\shadow-clean\shadow-clean\venv\Lib\site-packages\django\urls\base.py", line 98, in reverse
    resolved_url = resolver._reverse_with_prefix(view, prefix, *args, **kwargs)
  File "C:\Users\HomePC\Desktop\shadow-clean\shadow-clean\venv\Lib\site-packages\django\urls\resolvers.py", line 831, in _reverse_with_prefix
    raise NoReverseMatch(msg)
django.urls.exceptions.NoReverseMatch: Reverse for 'client_dashboard' not found. 'client_dashboard' is not a valid view function or pattern name.
ERROR 2025-10-21 21:42:19,881 log 12576 2548 Internal Server Error: /project/submit/
Traceback (most recent call last):
  File "C:\Users\HomePC\Desktop\shadow-clean\shadow-clean\venv\Lib\site-packages\django\core\handlers\exception.py", line 55, in inner
    response = get_response(request)
  File "C:\Users\HomePC\Desktop\shadow-clean\shadow-clean\venv\Lib\site-packages\django\core\handlers\base.py", line 197, in _get_response
    response = wrapped_callback(request, *callback_args, **callback_kwargs)
  File "C:\Users\HomePC\Desktop\shadow-clean\shadow-clean\core\decorators.py", line 82, in wrapper
    return redirect('request_magic_link')
  File "C:\Users\HomePC\Desktop\shadow-clean\shadow-clean\venv\Lib\site-packages\django\shortcuts.py", line 51, in redirect
    resolve_url(to, *args, **kwargs),
    ~~~~~~~~~~~^^^^^^^^^^^^^^^^^^^^^
  File "C:\Users\HomePC\Desktop\shadow-clean\shadow-clean\venv\Lib\site-packages\django\shortcuts.py", line 184, in resolve_url
    return reverse(to, args=args, kwargs=kwargs)
  File "C:\Users\HomePC\Desktop\shadow-clean\shadow-clean\venv\Lib\site-packages\django\urls\base.py", line 98, in reverse
    resolved_url = resolver._reverse_with_prefix(view, prefix, *args, **kwargs)
  File "C:\Users\HomePC\Desktop\shadow-clean\shadow-clean\venv\Lib\site-packages\django\urls\resolvers.py", line 831, in _reverse_with_prefix
    raise NoReverseMatch(msg)
django.urls.exceptions.NoReverseMatch: Reverse for 'request_magic_link' not found. 'request_magic_link' is not a valid view function or pattern name.
INFO 2025-10-21 21:58:25,005 autoreload 12576 14260 C:\Users\HomePC\Desktop\shadow-clean\shadow-clean\core\views.py changed, reloading.
INFO 2025-10-21 21:58:34,065 autoreload 3336 11940 Watching for file changes with StatReloader
ERROR 2025-10-21 21:58:54,315 log 3336 8792 Internal Server Error: /auth/verify-magic-link/
Traceback (most recent call last):
  File "C:\Users\HomePC\Desktop\shadow-clean\shadow-clean\core\views.py", line 96, in verify_magic_link
    user = PseudonymousUser.objects.get(
        magic_token=token,
        magic_token_expires__gt=timezone.now()
    )
  File "C:\Users\HomePC\Desktop\shadow-clean\shadow-clean\venv\Lib\site-packages\django\db\models\manager.py", line 87, in manager_method
    return getattr(self.get_queryset(), name)(*args, **kwargs)
           ~~~~~~~~~~~~~~~~~~~~~~~~~~~~~~~~~~^^^^^^^^^^^^^^^^^
  File "C:\Users\HomePC\Desktop\shadow-clean\shadow-clean\venv\Lib\site-packages\django\db\models\query.py", line 633, in get
    raise self.model.DoesNotExist(
        "%s matching query does not exist." % self.model._meta.object_name
    )
core.models.PseudonymousUser.DoesNotExist: PseudonymousUser matching query does not exist.

During handling of the above exception, another exception occurred:

Traceback (most recent call last):
  File "C:\Users\HomePC\Desktop\shadow-clean\shadow-clean\venv\Lib\site-packages\django\core\handlers\exception.py", line 55, in inner
    response = get_response(request)
  File "C:\Users\HomePC\Desktop\shadow-clean\shadow-clean\venv\Lib\site-packages\django\core\handlers\base.py", line 197, in _get_response
    response = wrapped_callback(request, *callback_args, **callback_kwargs)
  File "C:\Users\HomePC\Desktop\shadow-clean\shadow-clean\core\views.py", line 125, in verify_magic_link
    return render(request, 'auth/invalid_token.html')
  File "C:\Users\HomePC\Desktop\shadow-clean\shadow-clean\venv\Lib\site-packages\django\shortcuts.py", line 25, in render
    content = loader.render_to_string(template_name, context, request, using=using)
  File "C:\Users\HomePC\Desktop\shadow-clean\shadow-clean\venv\Lib\site-packages\django\template\loader.py", line 61, in render_to_string
    template = get_template(template_name, using=using)
  File "C:\Users\HomePC\Desktop\shadow-clean\shadow-clean\venv\Lib\site-packages\django\template\loader.py", line 19, in get_template
    raise TemplateDoesNotExist(template_name, chain=chain)
django.template.exceptions.TemplateDoesNotExist: auth/invalid_token.html
INFO 2025-10-21 21:59:57,498 autoreload 3336 11940 C:\Users\HomePC\Desktop\shadow-clean\shadow-clean\core\views.py changed, reloading.
INFO 2025-10-21 22:00:03,756 autoreload 9632 4728 Watching for file changes with StatReloader
INFO 2025-10-21 22:00:12,469 autoreload 9632 4728 C:\Users\HomePC\Desktop\shadow-clean\shadow-clean\core\views.py changed, reloading.
INFO 2025-10-21 22:00:16,482 autoreload 14864 9092 Watching for file changes with StatReloader
ERROR 2025-10-21 22:00:34,426 log 14864 12724 Internal Server Error: /auth/verify-magic-link/
Traceback (most recent call last):
  File "C:\Users\HomePC\Desktop\shadow-clean\shadow-clean\core\views.py", line 96, in verify_magic_link
    user = PseudonymousUser.objects.get(
        magic_token=token,
        magic_token_expires__gt=timezone.now()
    )
  File "C:\Users\HomePC\Desktop\shadow-clean\shadow-clean\venv\Lib\site-packages\django\db\models\manager.py", line 87, in manager_method
    return getattr(self.get_queryset(), name)(*args, **kwargs)
           ~~~~~~~~~~~~~~~~~~~~~~~~~~~~~~~~~~^^^^^^^^^^^^^^^^^
  File "C:\Users\HomePC\Desktop\shadow-clean\shadow-clean\venv\Lib\site-packages\django\db\models\query.py", line 633, in get
    raise self.model.DoesNotExist(
        "%s matching query does not exist." % self.model._meta.object_name
    )
core.models.PseudonymousUser.DoesNotExist: PseudonymousUser matching query does not exist.

During handling of the above exception, another exception occurred:

Traceback (most recent call last):
  File "C:\Users\HomePC\Desktop\shadow-clean\shadow-clean\venv\Lib\site-packages\django\core\handlers\exception.py", line 55, in inner
    response = get_response(request)
  File "C:\Users\HomePC\Desktop\shadow-clean\shadow-clean\venv\Lib\site-packages\django\core\handlers\base.py", line 197, in _get_response
    response = wrapped_callback(request, *callback_args, **callback_kwargs)
  File "C:\Users\HomePC\Desktop\shadow-clean\shadow-clean\core\views.py", line 125, in verify_magic_link
    return render(request, 'invalid tkoken')
           ^^^^^^^^^^^^^^^^^^^^^^^^^
  File "C:\Users\HomePC\Desktop\shadow-clean\shadow-clean\venv\Lib\site-packages\django\shortcuts.py", line 25, in render
    content = loader.render_to_string(template_name, context, request, using=using)
  File "C:\Users\HomePC\Desktop\shadow-clean\shadow-clean\venv\Lib\site-packages\django\template\loader.py", line 61, in render_to_string
    template = get_template(template_name, using=using)
  File "C:\Users\HomePC\Desktop\shadow-clean\shadow-clean\venv\Lib\site-packages\django\template\loader.py", line 19, in get_template
    raise TemplateDoesNotExist(template_name, chain=chain)
django.template.exceptions.TemplateDoesNotExist: invali
INFO 2025-10-21 22:13:30,368 autoreload 14864 9092 C:\Users\HomePC\Desktop\shadow-clean\shadow-clean\core\views.py changed, reloading.
INFO 2025-10-21 22:13:34,287 autoreload 11624 17540 Watching for file changes with StatReloader
INFO 2025-10-21 22:13:40,818 autoreload 11624 17540 C:\Users\HomePC\Desktop\shadow-clean\shadow-clean\core\views.py changed, reloading.
INFO 2025-10-21 22:13:45,596 autoreload 2688 14392 Watching for file changes with StatReloader
INFO 2025-10-21 22:14:14,211 autoreload 2688 14392 C:\Users\HomePC\Desktop\shadow-clean\shadow-clean\core\views.py changed, reloading.
INFO 2025-10-21 22:14:20,127 autoreload 12960 16244 Watching for file changes with StatReloader
INFO 2025-10-21 22:14:24,346 autoreload 12960 16244 C:\Users\HomePC\Desktop\shadow-clean\shadow-clean\core\views.py changed, reloading.
INFO 2025-10-21 22:14:28,013 autoreload 11848 13712 Watching for file changes with StatReloader
INFO 2025-10-21 22:14:34,327 autoreload 11848 13712 C:\Users\HomePC\Desktop\shadow-clean\shadow-clean\core\views.py changed, reloading.
INFO 2025-10-21 22:14:37,271 autoreload 16660 2380 Watching for file changes with StatReloader
INFO 2025-10-21 22:15:32,304 autoreload 16660 2380 C:\Users\HomePC\Desktop\shadow-clean\shadow-clean\core\views.py changed, reloading.
INFO 2025-10-21 22:15:35,681 autoreload 3384 6212 Watching for file changes with StatReloader
INFO 2025-10-21 22:18:59,513 autoreload 3384 6212 C:\Users\HomePC\Desktop\shadow-clean\shadow-clean\core\urls.py changed, reloading.
INFO 2025-10-21 22:19:02,455 autoreload 10208 10132 Watching for file changes with StatReloader
INFO 2025-10-21 22:20:44,535 autoreload 10208 10132 C:\Users\HomePC\Desktop\shadow-clean\shadow-clean\core\views.py changed, reloading.
INFO 2025-10-21 22:20:47,357 autoreload 14672 11044 Watching for file changes with StatReloader
ERROR 2025-10-21 22:26:24,401 log 14672 18812 Internal Server Error: /auth/verify-magic-link/
Traceback (most recent call last):
  File "C:\Users\HomePC\Desktop\shadow-clean\shadow-clean\core\views.py", line 114, in verify_magic_link
    user = PseudonymousUser.objects.get(
        magic_token=token,
        magic_token_expires__gt=timezone.now()
    )
  File "C:\Users\HomePC\Desktop\shadow-clean\shadow-clean\venv\Lib\site-packages\django\db\models\manager.py", line 87, in manager_method
    return getattr(self.get_queryset(), name)(*args, **kwargs)
           ~~~~~~~~~~~~~~~~~~~~~~~~~~~~~~~~~~^^^^^^^^^^^^^^^^^
  File "C:\Users\HomePC\Desktop\shadow-clean\shadow-clean\venv\Lib\site-packages\django\db\models\query.py", line 633, in get
    raise self.model.DoesNotExist(
        "%s matching query does not exist." % self.model._meta.object_name
    )
core.models.PseudonymousUser.DoesNotExist: PseudonymousUser matching query does not exist.

During handling of the above exception, another exception occurred:

Traceback (most recent call last):
  File "C:\Users\HomePC\Desktop\shadow-clean\shadow-clean\venv\Lib\site-packages\django\core\handlers\exception.py", line 55, in inner
    response = get_response(request)
  File "C:\Users\HomePC\Desktop\shadow-clean\shadow-clean\venv\Lib\site-packages\django\core\handlers\base.py", line 197, in _get_response
    response = wrapped_callback(request, *callback_args, **callback_kwargs)
  File "C:\Users\HomePC\Desktop\shadow-clean\shadow-clean\core\views.py", line 143, in verify_magic_link
    return render(request, 'core/invalid_token.html')
  File "C:\Users\HomePC\Desktop\shadow-clean\shadow-clean\venv\Lib\site-packages\django\shortcuts.py", line 25, in render
    content = loader.render_to_string(template_name, context, request, using=using)
  File "C:\Users\HomePC\Desktop\shadow-clean\shadow-clean\venv\Lib\site-packages\django\template\loader.py", line 61, in render_to_string
    template = get_template(template_name, using=using)
  File "C:\Users\HomePC\Desktop\shadow-clean\shadow-clean\venv\Lib\site-packages\django\template\loader.py", line 19, in get_template
    raise TemplateDoesNotExist(template_name, chain=chain)
django.template.exceptions.TemplateDoesNotExist: core/invalid_token.html
INFO 2025-10-21 22:26:50,738 autoreload 10604 12944 Watching for file changes with StatReloader
ERROR 2025-10-21 22:27:17,805 log 10604 18460 Internal Server Error: /dashboard/client/
Traceback (most recent call last):
  File "C:\Users\HomePC\Desktop\shadow-clean\shadow-clean\venv\Lib\site-packages\django\db\models\fields\__init__.py", line 2145, in to_python
    return int(value)
ValueError: invalid literal for int() with base 10: '6941a74b-3d5c-41b4-8ff4-448be29e157b'

During handling of the above exception, another exception occurred:

Traceback (most recent call last):
  File "C:\Users\HomePC\Desktop\shadow-clean\shadow-clean\venv\Lib\site-packages\django\core\handlers\exception.py", line 55, in inner
    response = get_response(request)
  File "C:\Users\HomePC\Desktop\shadow-clean\shadow-clean\venv\Lib\site-packages\django\core\handlers\base.py", line 197, in _get_response
    response = wrapped_callback(request, *callback_args, **callback_kwargs)
  File "C:\Users\HomePC\Desktop\shadow-clean\shadow-clean\core\decorators.py", line 81, in wrapper
    if not request.user.is_authenticated:
           ^^^^^^^^^^^^^^^^^^^^^^^^^^^^^
  File "C:\Users\HomePC\Desktop\shadow-clean\shadow-clean\venv\Lib\site-packages\django\utils\functional.py", line 251, in inner
    self._setup()
    ~~~~~~~~~~~^^
  File "C:\Users\HomePC\Desktop\shadow-clean\shadow-clean\venv\Lib\site-packages\django\utils\functional.py", line 404, in _setup
    self._wrapped = self._setupfunc()
                    ~~~~~~~~~~~~~~~^^
  File "C:\Users\HomePC\Desktop\shadow-clean\shadow-clean\venv\Lib\site-packages\django\contrib\auth\middleware.py", line 40, in <lambda>
    request.user = SimpleLazyObject(lambda: get_user(request))
                                            ~~~~~~~~^^^^^^^^^
  File "C:\Users\HomePC\Desktop\shadow-clean\shadow-clean\venv\Lib\site-packages\django\contrib\auth\middleware.py", line 20, in get_user
    request._cached_user = auth.get_user(request)
                           ~~~~~~~~~~~~~^^^^^^^^^
  File "C:\Users\HomePC\Desktop\shadow-clean\shadow-clean\venv\Lib\site-packages\django\contrib\auth\__init__.py", line 304, in get_user
    user_id = _get_user_session_key(request)
  File "C:\Users\HomePC\Desktop\shadow-clean\shadow-clean\venv\Lib\site-packages\django\contrib\auth\__init__.py", line 95, in _get_user_session_key
    return get_user_model()._meta.pk.to_python(request.session[SESSION_KEY])
           ~~~~~~~~~~~~~~~~~~~~~~~~~~~~~~~~~~~^^^^^^^^^^^^^^^^^^^^^^^^^^^^^^
  File "C:\Users\HomePC\Desktop\shadow-clean\shadow-clean\venv\Lib\site-packages\django\db\models\fields\__init__.py", line 2147, in to_python
    raise exceptions.ValidationError(
    ...<3 lines>...
    )
django.core.exceptions.ValidationError: ['6941a74b-3d5c-41b4-8ff4-448be29e157b value must be an integer.']
INFO 2025-10-21 22:42:34,791 autoreload 10604 12944 C:\Users\HomePC\Desktop\shadow-clean\shadow-clean\core\decorators.py changed, reloading.
INFO 2025-10-21 22:42:37,351 autoreload 16472 13344 Watching for file changes with StatReloader
INFO 2025-10-21 22:42:43,165 autoreload 16472 13344 C:\Users\HomePC\Desktop\shadow-clean\shadow-clean\core\decorators.py changed, reloading.
INFO 2025-10-21 22:42:45,499 autoreload 15816 15092 Watching for file changes with StatReloader
INFO 2025-10-22 12:25:42,651 autoreload 15816 15092 C:\Users\HomePC\Desktop\shadow-clean\shadow-clean\core\decorators.py changed, reloading.
INFO 2025-10-22 12:25:55,765 autoreload 8636 18808 Watching for file changes with StatReloader
INFO 2025-10-22 12:27:19,849 autoreload 8636 18808 C:\Users\HomePC\Desktop\shadow-clean\shadow-clean\core\views.py changed, reloading.
INFO 2025-10-22 12:27:24,326 autoreload 9240 18236 Watching for file changes with StatReloader
ERROR 2025-10-22 12:30:26,053 log 9240 5288 Internal Server Error: /auth/verify-magic-link/
Traceback (most recent call last):
  File "C:\Users\HomePC\Desktop\shadow-clean\shadow-clean\venv\Lib\site-packages\django\db\models\fields\__init__.py", line 2145, in to_python
    return int(value)
ValueError: invalid literal for int() with base 10: '6941a74b-3d5c-41b4-8ff4-448be29e157b'

During handling of the above exception, another exception occurred:

Traceback (most recent call last):
  File "C:\Users\HomePC\Desktop\shadow-clean\shadow-clean\venv\Lib\site-packages\django\core\handlers\exception.py", line 55, in inner
    response = get_response(request)
  File "C:\Users\HomePC\Desktop\shadow-clean\shadow-clean\venv\Lib\site-packages\django\core\handlers\base.py", line 197, in _get_response
    response = wrapped_callback(request, *callback_args, **callback_kwargs)
  File "C:\Users\HomePC\Desktop\shadow-clean\shadow-clean\core\views.py", line 120, in verify_magic_link
    login(request, user)
    ~~~~~^^^^^^^^^^^^^^^
  File "C:\Users\HomePC\Desktop\shadow-clean\shadow-clean\venv\Lib\site-packages\django\contrib\auth\__init__.py", line 176, in login
    if _get_user_session_key(request) != user.pk or (
       ~~~~~~~~~~~~~~~~~~~~~^^^^^^^^^
  File "C:\Users\HomePC\Desktop\shadow-clean\shadow-clean\venv\Lib\site-packages\django\contrib\auth\__init__.py", line 95, in _get_user_session_key
    return get_user_model()._meta.pk.to_python(request.session[SESSION_KEY])
           ~~~~~~~~~~~~~~~~~~~~~~~~~~~~~~~~~~~^^^^^^^^^^^^^^^^^^^^^^^^^^^^^^
  File "C:\Users\HomePC\Desktop\shadow-clean\shadow-clean\venv\Lib\site-packages\django\db\models\fields\__init__.py", line 2147, in to_python
    raise exceptions.ValidationError(
    ...<3 lines>...
    )
django.core.exceptions.ValidationError: ['6941a74b-3d5c-41b4-8ff4-448be29e157b value must be an integer.']
INFO 2025-10-22 13:04:38,968 autoreload 11532 12120 Watching for file changes with StatReloader
INFO 2025-10-22 13:25:50,926 autoreload 11532 12120 C:\Users\HomePC\Desktop\shadow-clean\shadow-clean\core\decorators.py changed, reloading.
INFO 2025-10-22 13:25:54,357 autoreload 6676 12992 Watching for file changes with StatReloader
INFO 2025-10-22 13:26:25,087 autoreload 6676 12992 C:\Users\HomePC\Desktop\shadow-clean\shadow-clean\core\decorators.py changed, reloading.
INFO 2025-10-22 13:26:28,243 autoreload 14648 5880 Watching for file changes with StatReloader
INFO 2025-10-22 13:26:40,789 autoreload 14648 5880 C:\Users\HomePC\Desktop\shadow-clean\shadow-clean\core\decorators.py changed, reloading.
INFO 2025-10-22 13:26:43,497 autoreload 8052 4308 Watching for file changes with StatReloader
INFO 2025-10-22 13:26:49,119 autoreload 8052 4308 C:\Users\HomePC\Desktop\shadow-clean\shadow-clean\core\decorators.py changed, reloading.
INFO 2025-10-22 13:26:52,507 autoreload 264 13276 Watching for file changes with StatReloader
INFO 2025-10-22 13:31:58,107 autoreload 264 13276 C:\Users\HomePC\Desktop\shadow-clean\shadow-clean\core\decorators.py changed, reloading.
INFO 2025-10-22 13:32:01,118 autoreload 11872 9672 Watching for file changes with StatReloader
INFO 2025-10-22 13:33:42,882 autoreload 11872 9672 C:\Users\HomePC\Desktop\shadow-clean\shadow-clean\core\decorators.py changed, reloading.
INFO 2025-10-22 13:33:46,133 autoreload 12480 1876 Watching for file changes with StatReloader
INFO 2025-10-22 13:37:27,939 autoreload 12480 1876 C:\Users\HomePC\Desktop\shadow-clean\shadow-clean\core\views.py changed, reloading.
INFO 2025-10-22 13:37:31,187 autoreload 12956 8936 Watching for file changes with StatReloader
INFO 2025-10-22 13:37:38,375 autoreload 12956 8936 C:\Users\HomePC\Desktop\shadow-clean\shadow-clean\core\views.py changed, reloading.
INFO 2025-10-22 13:37:43,262 autoreload 2336 1316 Watching for file changes with StatReloader
INFO 2025-10-22 13:37:52,545 autoreload 2336 1316 C:\Users\HomePC\Desktop\shadow-clean\shadow-clean\core\views.py changed, reloading.
INFO 2025-10-22 13:37:56,353 autoreload 18712 11356 Watching for file changes with StatReloader
INFO 2025-10-22 13:40:08,303 autoreload 18712 11356 C:\Users\HomePC\Desktop\shadow-clean\shadow-clean\core\views.py changed, reloading.
INFO 2025-10-22 13:40:11,410 autoreload 1936 11184 Watching for file changes with StatReloader
INFO 2025-10-22 13:40:25,603 autoreload 1936 11184 C:\Users\HomePC\Desktop\shadow-clean\shadow-clean\core\views.py changed, reloading.
INFO 2025-10-22 13:40:29,064 autoreload 17296 9956 Watching for file changes with StatReloader
INFO 2025-10-22 13:41:08,183 autoreload 17296 9956 C:\Users\HomePC\Desktop\shadow-clean\shadow-clean\core\views.py changed, reloading.
INFO 2025-10-22 13:41:11,461 autoreload 6800 15464 Watching for file changes with StatReloader
INFO 2025-10-22 13:41:52,510 autoreload 6800 15464 C:\Users\HomePC\Desktop\shadow-clean\shadow-clean\core\views.py changed, reloading.
INFO 2025-10-22 13:41:55,902 autoreload 1936 11320 Watching for file changes with StatReloader
INFO 2025-10-22 13:42:04,633 autoreload 1936 11320 C:\Users\HomePC\Desktop\shadow-clean\shadow-clean\core\views.py changed, reloading.
INFO 2025-10-22 13:42:07,276 autoreload 17512 9512 Watching for file changes with StatReloader
INFO 2025-10-22 13:42:40,083 autoreload 17512 9512 C:\Users\HomePC\Desktop\shadow-clean\shadow-clean\core\views.py changed, reloading.
INFO 2025-10-22 13:42:42,665 autoreload 6704 4364 Watching for file changes with StatReloader
INFO 2025-10-22 13:46:53,452 autoreload 6704 4364 C:\Users\HomePC\Desktop\shadow-clean\shadow-clean\core\views.py changed, reloading.
INFO 2025-10-22 13:46:56,852 autoreload 6028 16172 Watching for file changes with StatReloader
INFO 2025-10-22 13:55:50,799 autoreload 6028 16172 C:\Users\HomePC\Desktop\shadow-clean\shadow-clean\core\views.py changed, reloading.
INFO 2025-10-22 13:55:56,195 autoreload 6760 16136 Watching for file changes with StatReloader
INFO 2025-10-22 13:55:59,052 autoreload 6760 16136 C:\Users\HomePC\Desktop\shadow-clean\shadow-clean\core\views.py changed, reloading.
INFO 2025-10-22 13:56:02,058 autoreload 4448 2344 Watching for file changes with StatReloader
INFO 2025-10-22 13:58:43,847 autoreload 4448 2344 C:\Users\HomePC\Desktop\shadow-clean\shadow-clean\core\views.py changed, reloading.
INFO 2025-10-22 13:58:46,666 autoreload 15776 18212 Watching for file changes with StatReloader
INFO 2025-10-22 14:00:39,872 autoreload 11692 19412 Watching for file changes with StatReloader
INFO 2025-10-22 14:01:31,581 autoreload 11692 19412 C:\Users\HomePC\Desktop\shadow-clean\shadow-clean\core\middleware.py changed, reloading.
INFO 2025-10-22 14:01:34,319 autoreload 1312 13040 Watching for file changes with StatReloader
WARNING 2025-10-22 14:02:20,564 log 1312 5072 Not Found: /favicon.ico
ERROR 2025-10-22 14:02:35,328 log 1312 5072 Internal Server Error: /auth/request-magic-link/
Traceback (most recent call last):
  File "C:\Users\HomePC\Desktop\shadow-clean\shadow-clean\venv\Lib\site-packages\django\core\handlers\exception.py", line 55, in inner
    response = get_response(request)
  File "C:\Users\HomePC\Desktop\shadow-clean\shadow-clean\venv\Lib\site-packages\django\core\handlers\base.py", line 197, in _get_response
    response = wrapped_callback(request, *callback_args, **callback_kwargs)
  File "C:\Users\HomePC\Desktop\shadow-clean\shadow-clean\core\views.py", line 85, in request_magic_link
    user, created = PseudonymousUser.objects.get_or_create(
                    ~~~~~~~~~~~~~~~~~~~~~~~~~~~~~~~~~~~~~~^
        email=email or None,
        ^^^^^^^^^^^^^^^^^^^^
        defaults={'alias': alias or f'User-{uuid.uuid4().hex[:6]}'}
        ^^^^^^^^^^^^^^^^^^^^^^^^^^^^^^^^^^^^^^^^^^^^^^^^^^^^^^^^^^^
    )
    ^
  File "C:\Users\HomePC\Desktop\shadow-clean\shadow-clean\venv\Lib\site-packages\django\db\models\manager.py", line 87, in manager_method
    return getattr(self.get_queryset(), name)(*args, **kwargs)
           ~~~~~~~~~~~~~~~~~~~~~~~~~~~~~~~~~~^^^^^^^^^^^^^^^^^
  File "C:\Users\HomePC\Desktop\shadow-clean\shadow-clean\venv\Lib\site-packages\django\db\models\query.py", line 946, in get_or_create
    return self.get(**kwargs), False
           ~~~~~~~~^^^^^^^^^^
  File "C:\Users\HomePC\Desktop\shadow-clean\shadow-clean\venv\Lib\site-packages\django\db\models\query.py", line 636, in get
    raise self.model.MultipleObjectsReturned(
    ...<5 lines>...
    )
core.models.PseudonymousUser.MultipleObjectsReturned: get() returned more than one PseudonymousUser -- it returned 2!
INFO 2025-10-22 14:08:40,920 autoreload 4956 14600 Watching for file changes with StatReloader
ERROR 2025-10-22 14:09:03,908 log 4956 1004 Internal Server Error: /auth/request-magic-link/
Traceback (most recent call last):
  File "C:\Users\HomePC\Desktop\shadow-clean\shadow-clean\venv\Lib\site-packages\django\core\handlers\exception.py", line 55, in inner
    response = get_response(request)
  File "C:\Users\HomePC\Desktop\shadow-clean\shadow-clean\venv\Lib\site-packages\django\core\handlers\base.py", line 197, in _get_response
    response = wrapped_callback(request, *callback_args, **callback_kwargs)
  File "C:\Users\HomePC\Desktop\shadow-clean\shadow-clean\core\views.py", line 116, in request_magic_link
    return render(request, 'auth/magic_link_sent.html', {'user': user})
  File "C:\Users\HomePC\Desktop\shadow-clean\shadow-clean\venv\Lib\site-packages\django\shortcuts.py", line 25, in render
    content = loader.render_to_string(template_name, context, request, using=using)
  File "C:\Users\HomePC\Desktop\shadow-clean\shadow-clean\venv\Lib\site-packages\django\template\loader.py", line 61, in render_to_string
    template = get_template(template_name, using=using)
  File "C:\Users\HomePC\Desktop\shadow-clean\shadow-clean\venv\Lib\site-packages\django\template\loader.py", line 19, in get_template
    raise TemplateDoesNotExist(template_name, chain=chain)
django.template.exceptions.TemplateDoesNotExist: auth/magic_link_sent.html
INFO 2025-10-22 14:10:25,384 autoreload 4956 14600 C:\Users\HomePC\Desktop\shadow-clean\shadow-clean\core\views.py changed, reloading.
INFO 2025-10-22 14:10:30,361 autoreload 2584 6412 Watching for file changes with StatReloader
INFO 2025-10-22 14:10:41,074 autoreload 2584 6412 C:\Users\HomePC\Desktop\shadow-clean\shadow-clean\core\views.py changed, reloading.
INFO 2025-10-22 14:10:44,000 autoreload 9464 3996 Watching for file changes with StatReloader
WARNING 2025-10-22 14:10:53,677 log 9464 9492 Not Found: /auth/
ERROR 2025-10-22 14:12:12,925 log 9464 9492 Internal Server Error: /project/submit/
Traceback (most recent call last):
  File "C:\Users\HomePC\Desktop\shadow-clean\shadow-clean\venv\Lib\site-packages\django\core\handlers\exception.py", line 55, in inner
    response = get_response(request)
  File "C:\Users\HomePC\Desktop\shadow-clean\shadow-clean\venv\Lib\site-packages\django\core\handlers\base.py", line 197, in _get_response
    response = wrapped_callback(request, *callback_args, **callback_kwargs)
  File "C:\Users\HomePC\Desktop\shadow-clean\shadow-clean\core\decorators.py", line 86, in wrapper
    if not request.user.is_authenticated:
           ^^^^^^^^^^^^^^^^^^^^^^^^^^^^^
AttributeError: 'NoneType' object has no attribute 'is_authenticated'
INFO 2025-10-22 14:18:01,978 autoreload 9464 3996 C:\Users\HomePC\Desktop\shadow-clean\shadow-clean\core\views.py changed, reloading.
INFO 2025-10-22 14:18:06,070 autoreload 4296 17060 Watching for file changes with StatReloader
INFO 2025-10-22 14:18:27,531 autoreload 4296 17060 C:\Users\HomePC\Desktop\shadow-clean\shadow-clean\core\views.py changed, reloading.
INFO 2025-10-22 14:18:30,045 autoreload 15404 16564 Watching for file changes with StatReloader
INFO 2025-10-22 14:19:17,447 autoreload 15404 16564 C:\Users\HomePC\Desktop\shadow-clean\shadow-clean\core\views.py changed, reloading.
INFO 2025-10-22 14:19:22,004 autoreload 9360 19396 Watching for file changes with StatReloader
INFO 2025-10-22 14:20:37,527 autoreload 9360 19396 C:\Users\HomePC\Desktop\shadow-clean\shadow-clean\core\views.py changed, reloading.
INFO 2025-10-22 14:20:40,474 autoreload 10684 8940 Watching for file changes with StatReloader
INFO 2025-10-22 14:21:05,138 autoreload 10684 8940 C:\Users\HomePC\Desktop\shadow-clean\shadow-clean\core\views.py changed, reloading.
INFO 2025-10-22 14:21:07,891 autoreload 18688 10456 Watching for file changes with StatReloader
INFO 2025-10-22 14:24:05,178 autoreload 18688 10456 C:\Users\HomePC\Desktop\shadow-clean\shadow-clean\core\models.py changed, reloading.
INFO 2025-10-22 14:24:08,014 autoreload 6052 3272 Watching for file changes with StatReloader
INFO 2025-10-22 14:24:14,568 autoreload 6052 3272 C:\Users\HomePC\Desktop\shadow-clean\shadow-clean\core\models.py changed, reloading.
INFO 2025-10-22 14:24:16,913 autoreload 8292 13444 Watching for file changes with StatReloader
INFO 2025-10-22 15:15:37,554 autoreload 2804 18852 Watching for file changes with StatReloader
ERROR 2025-10-22 15:16:00,662 log 2804 7592 Internal Server Error: /auth/request-magic-link/
Traceback (most recent call last):
  File "C:\Users\HomePC\Desktop\shadow-clean\shadow-clean\venv\Lib\site-packages\django\core\handlers\exception.py", line 55, in inner
    response = get_response(request)
  File "C:\Users\HomePC\Desktop\shadow-clean\shadow-clean\venv\Lib\site-packages\django\core\handlers\base.py", line 197, in _get_response
    response = wrapped_callback(request, *callback_args, **callback_kwargs)
  File "C:\Users\HomePC\Desktop\shadow-clean\shadow-clean\core\views.py", line 109, in request_magic_link
    return render(request, "core/request_magic_link.html", context)
  File "C:\Users\HomePC\Desktop\shadow-clean\shadow-clean\venv\Lib\site-packages\django\shortcuts.py", line 25, in render
    content = loader.render_to_string(template_name, context, request, using=using)
  File "C:\Users\HomePC\Desktop\shadow-clean\shadow-clean\venv\Lib\site-packages\django\template\loader.py", line 61, in render_to_string
    template = get_template(template_name, using=using)
  File "C:\Users\HomePC\Desktop\shadow-clean\shadow-clean\venv\Lib\site-packages\django\template\loader.py", line 19, in get_template
    raise TemplateDoesNotExist(template_name, chain=chain)
django.template.exceptions.TemplateDoesNotExist: core/request_magic_link.html
INFO 2025-10-22 15:16:42,166 autoreload 2804 18852 C:\Users\HomePC\Desktop\shadow-clean\shadow-clean\core\views.py changed, reloading.
INFO 2025-10-22 15:16:46,640 autoreload 10560 10688 Watching for file changes with StatReloader
ERROR 2025-10-22 15:17:01,849 log 10560 19228 Internal Server Error: /auth/request-magic-link/
Traceback (most recent call last):
  File "C:\Users\HomePC\Desktop\shadow-clean\shadow-clean\venv\Lib\site-packages\django\core\handlers\exception.py", line 55, in inner
    response = get_response(request)
  File "C:\Users\HomePC\Desktop\shadow-clean\shadow-clean\venv\Lib\site-packages\django\core\handlers\base.py", line 197, in _get_response
    response = wrapped_callback(request, *callback_args, **callback_kwargs)
  File "C:\Users\HomePC\Desktop\shadow-clean\shadow-clean\core\views.py", line 88, in request_magic_link
    return render(request, "core/request_magic_link.html", context)
  File "C:\Users\HomePC\Desktop\shadow-clean\shadow-clean\venv\Lib\site-packages\django\shortcuts.py", line 25, in render
    content = loader.render_to_string(template_name, context, request, using=using)
  File "C:\Users\HomePC\Desktop\shadow-clean\shadow-clean\venv\Lib\site-packages\django\template\loader.py", line 61, in render_to_string
    template = get_template(template_name, using=using)
  File "C:\Users\HomePC\Desktop\shadow-clean\shadow-clean\venv\Lib\site-packages\django\template\loader.py", line 19, in get_template
    raise TemplateDoesNotExist(template_name, chain=chain)
django.template.exceptions.TemplateDoesNotExist: core/request_magic_link.html
INFO 2025-10-22 15:17:24,068 autoreload 10560 10688 C:\Users\HomePC\Desktop\shadow-clean\shadow-clean\core\views.py changed, reloading.
INFO 2025-10-22 15:17:30,379 autoreload 7276 12300 Watching for file changes with StatReloader
INFO 2025-10-22 15:21:02,118 autoreload 7276 12300 C:\Users\HomePC\Desktop\shadow-clean\shadow-clean\core\views.py changed, reloading.
INFO 2025-10-22 15:21:05,552 autoreload 4512 18612 Watching for file changes with StatReloader
ERROR 2025-10-22 15:21:29,395 log 4512 18092 Internal Server Error: /auth/request-magic-link/
Traceback (most recent call last):
  File "C:\Users\HomePC\Desktop\shadow-clean\shadow-clean\venv\Lib\site-packages\django\core\handlers\exception.py", line 55, in inner
    response = get_response(request)
  File "C:\Users\HomePC\Desktop\shadow-clean\shadow-clean\venv\Lib\site-packages\django\core\handlers\base.py", line 197, in _get_response
    response = wrapped_callback(request, *callback_args, **callback_kwargs)
  File "C:\Users\HomePC\Desktop\shadow-clean\shadow-clean\core\views.py", line 114, in request_magic_link
    return render(request, 'auth/display_magic_link.html', {
        'link': link,
        'user': user,
    })
  File "C:\Users\HomePC\Desktop\shadow-clean\shadow-clean\venv\Lib\site-packages\django\shortcuts.py", line 25, in render
    content = loader.render_to_string(template_name, context, request, using=using)
  File "C:\Users\HomePC\Desktop\shadow-clean\shadow-clean\venv\Lib\site-packages\django\template\loader.py", line 61, in render_to_string
    template = get_template(template_name, using=using)
  File "C:\Users\HomePC\Desktop\shadow-clean\shadow-clean\venv\Lib\site-packages\django\template\loader.py", line 19, in get_template
    raise TemplateDoesNotExist(template_name, chain=chain)
django.template.exceptions.TemplateDoesNotExist: auth/display_magic_link.html
INFO 2025-10-22 15:22:53,794 autoreload 13520 5664 Watching for file changes with StatReloader
ERROR 2025-10-22 15:23:16,395 log 13520 9740 Internal Server Error: /auth/request-magic-link/
Traceback (most recent call last):
  File "C:\Users\HomePC\Desktop\shadow-clean\shadow-clean\venv\Lib\site-packages\django\core\handlers\exception.py", line 55, in inner
    response = get_response(request)
  File "C:\Users\HomePC\Desktop\shadow-clean\shadow-clean\venv\Lib\site-packages\django\core\handlers\base.py", line 197, in _get_response
    response = wrapped_callback(request, *callback_args, **callback_kwargs)
  File "C:\Users\HomePC\Desktop\shadow-clean\shadow-clean\core\views.py", line 114, in request_magic_link
    return render(request, 'auth/display_magic_link.html', {
        'link': link,
        'user': user,
    })
  File "C:\Users\HomePC\Desktop\shadow-clean\shadow-clean\venv\Lib\site-packages\django\shortcuts.py", line 25, in render
    content = loader.render_to_string(template_name, context, request, using=using)
  File "C:\Users\HomePC\Desktop\shadow-clean\shadow-clean\venv\Lib\site-packages\django\template\loader.py", line 61, in render_to_string
    template = get_template(template_name, using=using)
  File "C:\Users\HomePC\Desktop\shadow-clean\shadow-clean\venv\Lib\site-packages\django\template\loader.py", line 19, in get_template
    raise TemplateDoesNotExist(template_name, chain=chain)
django.template.exceptions.TemplateDoesNotExist: auth/display_magic_link.html
INFO 2025-10-22 15:24:14,871 autoreload 13520 5664 C:\Users\HomePC\Desktop\shadow-clean\shadow-clean\core\views.py changed, reloading.
INFO 2025-10-22 15:24:21,987 autoreload 6760 17828 Watching for file changes with StatReloader
ERROR 2025-10-22 15:24:35,044 log 6760 5204 Internal Server Error: /auth/request-magic-link/
Traceback (most recent call last):
  File "C:\Users\HomePC\Desktop\shadow-clean\shadow-clean\venv\Lib\site-packages\django\core\handlers\exception.py", line 55, in inner
    response = get_response(request)
  File "C:\Users\HomePC\Desktop\shadow-clean\shadow-clean\venv\Lib\site-packages\django\core\handlers\base.py", line 197, in _get_response
    response = wrapped_callback(request, *callback_args, **callback_kwargs)
  File "C:\Users\HomePC\Desktop\shadow-clean\shadow-clean\core\views.py", line 114, in request_magic_link
    return render(request, 'auth/magic_link_display.html', {
        'link': link,
        'user': user,
    })
  File "C:\Users\HomePC\Desktop\shadow-clean\shadow-clean\venv\Lib\site-packages\django\shortcuts.py", line 25, in render
    content = loader.render_to_string(template_name, context, request, using=using)
  File "C:\Users\HomePC\Desktop\shadow-clean\shadow-clean\venv\Lib\site-packages\django\template\loader.py", line 61, in render_to_string
    template = get_template(template_name, using=using)
  File "C:\Users\HomePC\Desktop\shadow-clean\shadow-clean\venv\Lib\site-packages\django\template\loader.py", line 19, in get_template
    raise TemplateDoesNotExist(template_name, chain=chain)
django.template.exceptions.TemplateDoesNotExist: auth/magic.html
INFO 2025-10-22 15:25:17,315 autoreload 6760 17828 C:\Users\HomePC\Desktop\shadow-clean\shadow-clean\core\views.py changed, reloading.
INFO 2025-10-22 15:25:21,674 autoreload 2628 13212 Watching for file changes with StatReloader
INFO 2025-10-22 15:25:33,158 autoreload 2628 13212 C:\Users\HomePC\Desktop\shadow-clean\shadow-clean\core\views.py changed, reloading.
INFO 2025-10-22 15:25:36,140 autoreload 10704 17616 Watching for file changes with StatReloader
ERROR 2025-10-22 15:25:53,113 log 10704 15688 Internal Server Error: /auth/request-magic-link/
Traceback (most recent call last):
  File "C:\Users\HomePC\Desktop\shadow-clean\shadow-clean\venv\Lib\site-packages\django\core\handlers\exception.py", line 55, in inner
    response = get_response(request)
  File "C:\Users\HomePC\Desktop\shadow-clean\shadow-clean\venv\Lib\site-packages\django\core\handlers\base.py", line 197, in _get_response
    response = wrapped_callback(request, *callback_args, **callback_kwargs)
  File "C:\Users\HomePC\Desktop\shadow-clean\shadow-clean\core\views.py", line 114, in request_magic_link
    return render(request, 'core/magic_link_sent.html', {
        'link': link,
        'user': user,
    })
  File "C:\Users\HomePC\Desktop\shadow-clean\shadow-clean\venv\Lib\site-packages\django\shortcuts.py", line 25, in render
    content = loader.render_to_string(template_name, context, request, using=using)
  File "C:\Users\HomePC\Desktop\shadow-clean\shadow-clean\venv\Lib\site-packages\django\template\loader.py", line 61, in render_to_string
    template = get_template(template_name, using=using)
  File "C:\Users\HomePC\Desktop\shadow-clean\shadow-clean\venv\Lib\site-packages\django\template\loader.py", line 19, in get_template
    raise TemplateDoesNotExist(template_name, chain=chain)
django.template.exceptions.TemplateDoesNotExist: c/magic_link_sent.html
INFO 2025-10-22 15:32:39,251 autoreload 10704 17616 C:\Users\HomePC\Desktop\shadow-clean\shadow-clean\core\views.py changed, reloading.
INFO 2025-10-22 15:32:46,032 autoreload 1816 8496 Watching for file changes with StatReloader
INFO 2025-10-22 15:32:58,206 autoreload 1816 8496 C:\Users\HomePC\Desktop\shadow-clean\shadow-clean\core\views.py changed, reloading.
INFO 2025-10-22 15:33:00,967 autoreload 16900 7928 Watching for file changes with StatReloader
INFO 2025-10-22 15:33:08,983 autoreload 16900 7928 C:\Users\HomePC\Desktop\shadow-clean\shadow-clean\core\views.py changed, reloading.
INFO 2025-10-22 15:33:11,068 autoreload 10848 8472 Watching for file changes with StatReloader
INFO 2025-10-22 15:43:40,841 autoreload 14800 10100 Watching for file changes with StatReloader
ERROR 2025-10-22 16:08:32,793 log 14800 16540 Internal Server Error: /project/submit/
Traceback (most recent call last):
  File "C:\Users\HomePC\Desktop\shadow-clean\shadow-clean\venv\Lib\site-packages\django\core\handlers\exception.py", line 55, in inner
    response = get_response(request)
  File "C:\Users\HomePC\Desktop\shadow-clean\shadow-clean\venv\Lib\site-packages\django\core\handlers\base.py", line 197, in _get_response
    response = wrapped_callback(request, *callback_args, **callback_kwargs)
  File "C:\Users\HomePC\Desktop\shadow-clean\shadow-clean\core\decorators.py", line 86, in wrapper
    if not request.user.is_authenticated:
           ^^^^^^^^^^^^^^^^^^^^^^^^^^^^^
AttributeError: 'NoneType' object has no attribute 'is_authenticated'
